This is pdfTeX, Version 3.14159265-2.6-1.40.18 (TeX Live 2017/W32TeX) (preloaded format=pdflatex 2018.2.27)  7 APR 2018 09:54
entering extended mode
 restricted \write18 enabled.
 %&-line parsing enabled.
**./abstract.tex
(./abstract.tex
LaTeX2e <2017-04-15>
Babel <3.10> and hyphenation patterns for 84 language(s) loaded.

! LaTeX Error: Environment zhaiyao undefined.

See the LaTeX manual or LaTeX Companion for explanation.
Type  H <return>  for immediate help.
 ...                                              
                                                  
l.4 \begin{zhaiyao}
                   
Your command was ignored.
Type  I <command> <return>  to replace it with another command,
or  <return>  to continue without it.


! LaTeX Error: Missing \begin{document}.

See the LaTeX manual or LaTeX Companion for explanation.
Type  H <return>  for immediate help.
 ...                                              
                                                  
l.5 È
     üµÂæãÊñáÊú¨ÊòØ‰∏ÄÁßçÁâπÊÆäÁ±ªÂûãÁöÑÊñáÊú¨ÔºåÁõ∏ÂØπ‰∫éÈÄö‰øóÁöÑËá™ÁÑ∂ËØ≠...

You're in trouble here.  Try typing  <return>  to proceed.
If that doesn't work, type  X <return>  to quit.

Missing character: There is no È in font nullfont!
Missing character: There is no ü in font nullfont!
Missing character: There is no µ in font nullfont!
Missing character: There is no Â in font nullfont!
Missing character: There is no æ in font nullfont!
Missing character: There is no ã in font nullfont!
Missing character: There is no Ê in font nullfont!
Missing character: There is no ñ in font nullfont!
Missing character: There is no á in font nullfont!
Missing character: There is no Ê in font nullfont!
Missing character: There is no ú in font nullfont!
Missing character: There is no ¨ in font nullfont!
Missing character: There is no Ê in font nullfont!
Missing character: There is no ò in font nullfont!
Missing character: There is no Ø in font nullfont!
Missing character: There is no ‰ in font nullfont!
Missing character: There is no ∏ in font nullfont!
Missing character: There is no Ä in font nullfont!
Missing character: There is no Á in font nullfont!
Missing character: There is no ß in font nullfont!
Missing character: There is no ç in font nullfont!
Missing character: There is no Á in font nullfont!
Missing character: There is no â in font nullfont!
Missing character: There is no π in font nullfont!
Missing character: There is no Ê in font nullfont!
Missing character: There is no Æ in font nullfont!
Missing character: There is no ä in font nullfont!
Missing character: There is no Á in font nullfont!
Missing character: There is no ± in font nullfont!
Missing character: There is no ª in font nullfont!
Missing character: There is no Â in font nullfont!
Missing character: There is no û in font nullfont!
Missing character: There is no ã in font nullfont!
Missing character: There is no Á in font nullfont!
Missing character: There is no ö in font nullfont!
Missing character: There is no Ñ in font nullfont!
Missing character: There is no Ê in font nullfont!
Missing character: There is no ñ in font nullfont!
Missing character: There is no á in font nullfont!
Missing character: There is no Ê in font nullfont!
Missing character: There is no ú in font nullfont!
Missing character: There is no ¨ in font nullfont!
Missing character: There is no Ô in font nullfont!
Missing character: There is no º in font nullfont!
Missing character: There is no å in font nullfont!
Missing character: There is no Á in font nullfont!
Missing character: There is no õ in font nullfont!
Missing character: There is no ∏ in font nullfont!
Missing character: There is no Â in font nullfont!
Missing character: There is no Ø in font nullfont!
Missing character: There is no π in font nullfont!
Missing character: There is no ‰ in font nullfont!
Missing character: There is no ∫ in font nullfont!
Missing character: There is no é in font nullfont!
Missing character: There is no È in font nullfont!
Missing character: There is no Ä in font nullfont!
Missing character: There is no ö in font nullfont!
Missing character: There is no ‰ in font nullfont!
Missing character: There is no ø in font nullfont!
Missing character: There is no ó in font nullfont!
Missing character: There is no Á in font nullfont!
Missing character: There is no ö in font nullfont!
Missing character: There is no Ñ in font nullfont!
Missing character: There is no Ë in font nullfont!
Missing character: There is no á in font nullfont!
Missing character: There is no ™ in font nullfont!
Missing character: There is no Á in font nullfont!
Missing character: There is no Ñ in font nullfont!
Missing character: There is no ∂ in font nullfont!
Missing character: There is no Ë in font nullfont!
Missing character: There is no Ø in font nullfont!
Missing character: There is no ≠ in font nullfont!
Missing character: There is no Ë in font nullfont!
Missing character: There is no ® in font nullfont!
Missing character: There is no Ä in font nullfont!
Missing character: There is no Ô in font nullfont!
Missing character: There is no º in font nullfont!
Missing character: There is no å in font nullfont!
Missing character: There is no È in font nullfont!
Missing character: There is no ü in font nullfont!
Missing character: There is no µ in font nullfont!
Missing character: There is no Â in font nullfont!
Missing character: There is no æ in font nullfont!
Missing character: There is no ã in font nullfont!
Missing character: There is no Ê in font nullfont!
Missing character: There is no ñ in font nullfont!
Missing character: There is no á in font nullfont!
Missing character: There is no Ê in font nullfont!
Missing character: There is no ú in font nullfont!
Missing character: There is no ¨ in font nullfont!
Missing character: There is no Â in font nullfont!
Missing character: There is no à in font nullfont!
Missing character: There is no Ü in font nullfont!
Missing character: There is no Ê in font nullfont!
Missing character: There is no û in font nullfont!
Missing character: There is no ê in font nullfont!
Missing character: There is no ‰ in font nullfont!
Missing character: There is no ∏ in font nullfont!
Missing character: There is no é in font nullfont!
Missing character: There is no Â in font nullfont!
Missing character: There is no ≠ in font nullfont!
Missing character: There is no ¶ in font nullfont!
Missing character: There is no ‰ in font nullfont!
Missing character: There is no π in font nullfont!
Missing character: There is no † in font nullfont!
Missing character: There is no Â in font nullfont!
Missing character: There is no Ä in font nullfont!
Missing character: There is no º in font nullfont!
Missing character: There is no Â in font nullfont!
Missing character: There is no æ in font nullfont!
Missing character: There is no ó in font nullfont!
Missing character: There is no Ë in font nullfont!
Missing character: There is no ø in font nullfont!
Missing character: There is no õ in font nullfont!
Missing character: There is no Ë in font nullfont!
Missing character: There is no ° in font nullfont!
Missing character: There is no å in font nullfont!
Missing character: There is no ‰ in font nullfont!
Missing character: There is no ∏ in font nullfont!
Missing character: There is no ì in font nullfont!
Missing character: There is no È in font nullfont!
Missing character: There is no ó in font nullfont!
Missing character: There is no ® in font nullfont!
Missing character: There is no Á in font nullfont!
Missing character: There is no ö in font nullfont!
Missing character: There is no Ñ in font nullfont!
Missing character: There is no Á in font nullfont!
Missing character: There is no † in font nullfont!
Missing character: There is no î in font nullfont!
Missing character: There is no Á in font nullfont!
Missing character: There is no © in font nullfont!
Missing character: There is no ∂ in font nullfont!
Missing character: There is no „ in font nullfont!
Missing character: There is no Ä in font nullfont!
Missing character: There is no Ç in font nullfont!
Missing character: There is no Â in font nullfont!
Missing character: There is no ∏ in font nullfont!
Missing character: There is no ∏ in font nullfont!
Missing character: There is no Ë in font nullfont!
Missing character: There is no ß in font nullfont!
Missing character: There is no Å in font nullfont!
Missing character: There is no Á in font nullfont!
Missing character: There is no ö in font nullfont!
Missing character: There is no Ñ in font nullfont!
Missing character: There is no È in font nullfont!
Missing character: There is no ü in font nullfont!
Missing character: There is no µ in font nullfont!
Missing character: There is no Â in font nullfont!
Missing character: There is no æ in font nullfont!
Missing character: There is no ã in font nullfont!
Missing character: There is no Ê in font nullfont!
Missing character: There is no ñ in font nullfont!
Missing character: There is no á in font nullfont!
Missing character: There is no Ê in font nullfont!
Missing character: There is no ú in font nullfont!
Missing character: There is no ¨ in font nullfont!
Missing character: There is no ‰ in font nullfont!
Missing character: There is no ∏ in font nullfont!
Missing character: There is no ª in font nullfont!
Missing character: There is no Ë in font nullfont!
Missing character: There is no ¶ in font nullfont!
Missing character: There is no Å in font nullfont!
Missing character: There is no Â in font nullfont!
Missing character: There is no å in font nullfont!
Missing character: There is no Ö in font nullfont!
Missing character: There is no Ê in font nullfont!
Missing character: There is no ã in font nullfont!
Missing character: There is no ¨ in font nullfont!
Missing character: There is no Ë in font nullfont!
Missing character: There is no Ø in font nullfont!
Missing character: There is no ó in font nullfont!
Missing character: There is no Ê in font nullfont!
Missing character: There is no ≠ in font nullfont!
Missing character: There is no å in font nullfont!
Missing character: There is no „ in font nullfont!
Missing character: There is no Ä in font nullfont!
Missing character: There is no Å in font nullfont!
Missing character: There is no Ê in font nullfont!
Missing character: There is no ≠ in font nullfont!
Missing character: There is no å in font nullfont!
Missing character: There is no Ë in font nullfont!
Missing character: There is no Ø in font nullfont!
Missing character: There is no ç in font nullfont!
Missing character: There is no Â in font nullfont!
Missing character: There is no í in font nullfont!
Missing character: There is no å in font nullfont!
Missing character: There is no ‰ in font nullfont!
Missing character: There is no ∏ in font nullfont!
Missing character: There is no Ä in font nullfont!
Missing character: There is no ‰ in font nullfont!
Missing character: There is no ∫ in font nullfont!
Missing character: There is no õ in font nullfont!
Missing character: There is no Â in font nullfont!
Missing character: There is no Ö in font nullfont!
Missing character: There is no ∂ in font nullfont!
Missing character: There is no ‰ in font nullfont!
Missing character: There is no ª in font nullfont!
Missing character: There is no ñ in font nullfont!
Missing character: There is no Ë in font nullfont!
Missing character: There is no â in font nullfont!
Missing character: There is no ∫ in font nullfont!
Missing character: There is no Ê in font nullfont!
Missing character: There is no ú in font nullfont!
Missing character: There is no Ø in font nullfont!
Missing character: There is no Â in font nullfont!
Missing character: There is no Ω in font nullfont!
Missing character: There is no ¢ in font nullfont!
Missing character: There is no Â in font nullfont!
Missing character: There is no º in font nullfont!
Missing character: There is no è in font nullfont!
Missing character: There is no ‰ in font nullfont!
Missing character: There is no ∏ in font nullfont!
Missing character: There is no ≠ in font nullfont!
Missing character: There is no Á in font nullfont!
Missing character: There is no ö in font nullfont!
Missing character: There is no Ñ in font nullfont!
Missing character: There is no Â in font nullfont!
Missing character: There is no î in font nullfont!
Missing character: There is no ± in font nullfont!
Missing character: There is no Ë in font nullfont!
Missing character: There is no Ø in font nullfont!
Missing character: There is no ç in font nullfont!
Missing character: There is no „ in font nullfont!
Missing character: There is no Ä in font nullfont!
Missing character: There is no Ç in font nullfont!
Missing character: There is no ‰ in font nullfont!
Missing character: There is no ∏ in font nullfont!
Missing character: There is no é in font nullfont!
Missing character: There is no ‰ in font nullfont!
Missing character: There is no ∏ in font nullfont!
Missing character: There is no Ä in font nullfont!
Missing character: There is no Ë in font nullfont!
Missing character: There is no à in font nullfont!
Missing character: There is no ¨ in font nullfont!
Missing character: There is no Á in font nullfont!
Missing character: There is no ö in font nullfont!
Missing character: There is no Ñ in font nullfont!
Missing character: There is no Ë in font nullfont!
Missing character: There is no á in font nullfont!
Missing character: There is no ™ in font nullfont!
Missing character: There is no Á in font nullfont!
Missing character: There is no Ñ in font nullfont!
Missing character: There is no ∂ in font nullfont!
Missing character: There is no Ë in font nullfont!
Missing character: There is no Ø in font nullfont!
Missing character: There is no ≠ in font nullfont!
Missing character: There is no Ë in font nullfont!
Missing character: There is no ® in font nullfont!
Missing character: There is no Ä in font nullfont!
Missing character: There is no ‰ in font nullfont!
Missing character: There is no ∏ in font nullfont!
Missing character: There is no ç in font nullfont!
Missing character: There is no Â in font nullfont!
Missing character: There is no ê in font nullfont!
Missing character: There is no å in font nullfont!
Missing character: There is no Ô in font nullfont!
Missing character: There is no º in font nullfont!
Missing character: There is no å in font nullfont!
Missing character: There is no È in font nullfont!
Missing character: There is no ü in font nullfont!
Missing character: There is no µ in font nullfont!
Missing character: There is no Â in font nullfont!
Missing character: There is no æ in font nullfont!
Missing character: There is no ã in font nullfont!
Missing character: There is no Ê in font nullfont!
Missing character: There is no ñ in font nullfont!
Missing character: There is no á in font nullfont!
Missing character: There is no Ê in font nullfont!
Missing character: There is no ú in font nullfont!
Missing character: There is no ¨ in font nullfont!
Missing character: There is no È in font nullfont!
Missing character: There is no Ä in font nullfont!
Missing character: There is no ö in font nullfont!
Missing character: There is no Â in font nullfont!
Missing character: There is no ∏ in font nullfont!
Missing character: There is no ∏ in font nullfont!
Missing character: There is no Ê in font nullfont!
Missing character: There is no ò in font nullfont!
Missing character: There is no Ø in font nullfont!
Missing character: There is no Ê in font nullfont!
Missing character: There is no ú in font nullfont!
Missing character: There is no â in font nullfont!
Missing character: There is no ‰ in font nullfont!
Missing character: There is no ∏ in font nullfont!
Missing character: There is no Ä in font nullfont!
Missing character: There is no Â in font nullfont!
Missing character: There is no Æ in font nullfont!
Missing character: There is no ö in font nullfont!
Missing character: There is no È in font nullfont!
Missing character: There is no ü in font nullfont!
Missing character: There is no ≥ in font nullfont!
Missing character: There is no È in font nullfont!
Missing character: There is no ü in font nullfont!
Missing character: There is no µ in font nullfont!
Missing character: There is no Á in font nullfont!
Missing character: There is no â in font nullfont!
Missing character: There is no π in font nullfont!
Missing character: There is no Â in font nullfont!
Missing character: There is no æ in font nullfont!
Missing character: There is no Å in font nullfont!
Missing character: There is no Á in font nullfont!
Missing character: There is no ö in font nullfont!
Missing character: There is no Ñ in font nullfont!
Missing character: There is no „ in font nullfont!
Missing character: There is no Ä in font nullfont!
Missing character: There is no Ç in font nullfont!
Missing character: There is no È in font nullfont!
Missing character: There is no ü in font nullfont!
Missing character: There is no µ in font nullfont!
Missing character: There is no Â in font nullfont!
Missing character: There is no æ in font nullfont!
Missing character: There is no ã in font nullfont!
Missing character: There is no Ê in font nullfont!
Missing character: There is no ñ in font nullfont!
Missing character: There is no á in font nullfont!
Missing character: There is no Ê in font nullfont!
Missing character: There is no ú in font nullfont!
Missing character: There is no ¨ in font nullfont!
Missing character: There is no Á in font nullfont!
Missing character: There is no ö in font nullfont!
Missing character: There is no Ñ in font nullfont!
Missing character: There is no È in font nullfont!
Missing character: There is no ü in font nullfont!
Missing character: There is no µ in font nullfont!
Missing character: There is no Â in font nullfont!
Missing character: There is no æ in font nullfont!
Missing character: There is no ã in font nullfont!
Missing character: There is no Ê in font nullfont!
Missing character: There is no ò in font nullfont!
Missing character: There is no Ø in font nullfont!
Missing character: There is no Â in font nullfont!
Missing character: There is no Ö in font nullfont!
Missing character: There is no ∂ in font nullfont!
Missing character: There is no ‰ in font nullfont!
Missing character: There is no ∏ in font nullfont!
Missing character: There is no ª in font nullfont!
Missing character: There is no Ë in font nullfont!
Missing character: There is no ¶ in font nullfont!
Missing character: There is no Å in font nullfont!
Missing character: There is no Á in font nullfont!
Missing character: There is no â in font nullfont!
Missing character: There is no π in font nullfont!
Missing character: There is no Â in font nullfont!
Missing character: There is no æ in font nullfont!
Missing character: There is no Å in font nullfont!
Missing character: There is no Ô in font nullfont!
Missing character: There is no º in font nullfont!
Missing character: There is no å in font nullfont!
Missing character: There is no Â in font nullfont!
Missing character: There is no ú in font nullfont!
Missing character: There is no ® in font nullfont!
Missing character: There is no Ë in font nullfont!
Missing character: There is no ø in font nullfont!
Missing character: There is no õ in font nullfont!
Missing character: There is no Ë in font nullfont!
Missing character: There is no ° in font nullfont!
Missing character: There is no å in font nullfont!
Missing character: There is no È in font nullfont!
Missing character: There is no ü in font nullfont!
Missing character: There is no µ in font nullfont!
Missing character: There is no Â in font nullfont!
Missing character: There is no æ in font nullfont!
Missing character: There is no ã in font nullfont!
Missing character: There is no Ê in font nullfont!
Missing character: There is no ñ in font nullfont!
Missing character: There is no á in font nullfont!
Missing character: There is no Ê in font nullfont!
Missing character: There is no ú in font nullfont!
Missing character: There is no ¨ in font nullfont!
Missing character: There is no Â in font nullfont!
Missing character: There is no ≠ in font nullfont!
Missing character: There is no ¶ in font nullfont!
Missing character: There is no ‰ in font nullfont!
Missing character: There is no π in font nullfont!
Missing character: There is no † in font nullfont!
Missing character: There is no Ê in font nullfont!
Missing character: There is no ó in font nullfont!
Missing character: There is no ∂ in font nullfont!
Missing character: There is no Ô in font nullfont!
Missing character: There is no º in font nullfont!
Missing character: There is no å in font nullfont!

! LaTeX Error: \begin{document} ended by \end{zhaiyao}.

See the LaTeX manual or LaTeX Companion for explanation.
Type  H <return>  for immediate help.
 ...                                              
                                                  
l.6 \end{zhaiyao}
                 
Your command was ignored.
Type  I <command> <return>  to replace it with another command,
or  <return>  to continue without it.


Overfull \hbox (20.0pt too wide) in paragraph at lines 5--7
[]
 []


! LaTeX Error: Environment guanjianci undefined.

See the LaTeX manual or LaTeX Companion for explanation.
Type  H <return>  for immediate help.
 ...                                              
                                                  
l.11 \begin{guanjianci}
                       
Your command was ignored.
Type  I <command> <return>  to replace it with another command,
or  <return>  to continue without it.


! LaTeX Error: Missing \begin{document}.

See the LaTeX manual or LaTeX Companion for explanation.
Type  H <return>  for immediate help.
 ...                                              
                                                  
l.12 Ê
      Øï‰∏öËÆ∫ÊñáÔºõÊ®°Êùø
You're in trouble here.  Try typing  <return>  to proceed.
If that doesn't work, type  X <return>  to quit.

Missing character: There is no Ê in font nullfont!
Missing character: There is no Ø in font nullfont!
Missing character: There is no ï in font nullfont!
Missing character: There is no ‰ in font nullfont!
Missing character: There is no ∏ in font nullfont!
Missing character: There is no ö in font nullfont!
Missing character: There is no Ë in font nullfont!
Missing character: There is no Æ in font nullfont!
Missing character: There is no ∫ in font nullfont!
Missing character: There is no Ê in font nullfont!
Missing character: There is no ñ in font nullfont!
Missing character: There is no á in font nullfont!
Missing character: There is no Ô in font nullfont!
Missing character: There is no º in font nullfont!
Missing character: There is no õ in font nullfont!
Missing character: There is no Ê in font nullfont!
Missing character: There is no ® in font nullfont!
Missing character: There is no ° in font nullfont!
Missing character: There is no Ê in font nullfont!
Missing character: There is no ù in font nullfont!
Missing character: There is no ø in font nullfont!

! LaTeX Error: \begin{document} ended by \end{guanjianci}.

See the LaTeX manual or LaTeX Companion for explanation.
Type  H <return>  for immediate help.
 ...                                              
                                                  
l.13 \end{guanjianci}
                     
Your command was ignored.
Type  I <command> <return>  to replace it with another command,
or  <return>  to continue without it.


Overfull \hbox (20.0pt too wide) in paragraph at lines 12--14
[]
 []


! LaTeX Error: Environment abstract undefined.

See the LaTeX manual or LaTeX Companion for explanation.
Type  H <return>  for immediate help.
 ...                                              
                                                  
l.17 \begin{abstract}
                     
Your command was ignored.
Type  I <command> <return>  to replace it with another command,
or  <return>  to continue without it.


! LaTeX Error: Missing \begin{document}.

See the LaTeX manual or LaTeX Companion for explanation.
Type  H <return>  for immediate help.
 ...                                              
                                                  
l.20 T
      his is the abstract.
You're in trouble here.  Try typing  <return>  to proceed.
If that doesn't work, type  X <return>  to quit.

Missing character: There is no T in font nullfont!
Missing character: There is no h in font nullfont!
Missing character: There is no i in font nullfont!
Missing character: There is no s in font nullfont!
Missing character: There is no i in font nullfont!
Missing character: There is no s in font nullfont!
Missing character: There is no t in font nullfont!
Missing character: There is no h in font nullfont!
Missing character: There is no e in font nullfont!
Missing character: There is no a in font nullfont!
Missing character: There is no b in font nullfont!
Missing character: There is no s in font nullfont!
Missing character: There is no t in font nullfont!
Missing character: There is no r in font nullfont!
Missing character: There is no a in font nullfont!
Missing character: There is no c in font nullfont!
Missing character: There is no t in font nullfont!
Missing character: There is no . in font nullfont!

Overfull \hbox (20.0pt too wide) in paragraph at lines 20--21
[]
 []


! LaTeX Error: \begin{document} ended by \end{abstract}.

See the LaTeX manual or LaTeX Companion for explanation.
Type  H <return>  for immediate help.
 ...                                              
                                                  
l.22 \end{abstract}
                   
Your command was ignored.
Type  I <command> <return>  to replace it with another command,
or  <return>  to continue without it.


! LaTeX Error: Environment keywords undefined.

See the LaTeX manual or LaTeX Companion for explanation.
Type  H <return>  for immediate help.
 ...                                              
                                                  
l.26 \begin{keywords}
                     
Your command was ignored.
Type  I <command> <return>  to replace it with another command,
or  <return>  to continue without it.


! LaTeX Error: Missing \begin{document}.

See the LaTeX manual or LaTeX Companion for explanation.
Type  H <return>  for immediate help.
 ...                                              
                                                  
l.27 T
      hesis; template
You're in trouble here.  Try typing  <return>  to proceed.
If that doesn't work, type  X <return>  to quit.

Missing character: There is no T in font nullfont!
Missing character: There is no h in font nullfont!
Missing character: There is no e in font nullfont!
Missing character: There is no s in font nullfont!
Missing character: There is no i in font nullfont!
Missing character: There is no s in font nullfont!
Missing character: There is no ; in font nullfont!
Missing character: There is no t in font nullfont!
Missing character: There is no e in font nullfont!
Missing character: There is no m in font nullfont!
Missing character: There is no p in font nullfont!
Missing character: There is no l in font nullfont!
Missing character: There is no a in font nullfont!
Missing character: There is no t in font nullfont!
Missing character: There is no e in font nullfont!

! LaTeX Error: \begin{document} ended by \end{keywords}.

See the LaTeX manual or LaTeX Companion for explanation.
Type  H <return>  for immediate help.
 ...                                              
                                                  
l.28 \end{keywords}
                   
Your command was ignored.
Type  I <command> <return>  to replace it with another command,
or  <return>  to continue without it.

)
! Emergency stop.
<*> ./abstract.tex
                  
*** (job aborted, no legal \end found)

 
Here is how much of TeX's memory you used:
 13 strings out of 492995
 218 string characters out of 6132217
 54074 words of memory out of 5000000
 3666 multiletter control sequences out of 15000+600000
 3640 words of font info for 14 fonts, out of 8000000 for 9000
 1141 hyphenation exceptions out of 8191
 6i,0n,6p,398b,19s stack positions out of 5000i,500n,10000p,200000b,80000s
!  ==> Fatal error occurred, no output PDF file produced!
