This is pdfTeX, Version 3.14159265-2.6-1.40.18 (TeX Live 2017/W32TeX) (preloaded format=pdflatex 2018.2.27)  7 APR 2018 17:01
entering extended mode
 restricted \write18 enabled.
 %&-line parsing enabled.
**./main.tex
(./main.tex
LaTeX2e <2017-04-15>
Babel <3.10> and hyphenation patterns for 84 language(s) loaded.
(d:/Software/texlive/2017/texmf-dist/tex/latex/base/book.cls
Document Class: book 2014/09/29 v1.4h Standard LaTeX document class
(d:/Software/texlive/2017/texmf-dist/tex/latex/base/bk12.clo
File: bk12.clo 2014/09/29 v1.4h Standard LaTeX file (size option)
)
\c@part=\count79
\c@chapter=\count80
\c@section=\count81
\c@subsection=\count82
\c@subsubsection=\count83
\c@paragraph=\count84
\c@subparagraph=\count85
\c@figure=\count86
\c@table=\count87
\abovecaptionskip=\skip41
\belowcaptionskip=\skip42
\bibindent=\dimen102
)
(d:/Software/texlive/2017/texmf-dist/tex/generic/ifxetex/ifxetex.sty
Package: ifxetex 2010/09/12 v0.6 Provides ifxetex conditional
)
(d:/Software/texlive/2017/texmf-dist/tex/latex/hyperref/hyperref.sty
Package: hyperref 2017/03/14 v6.85a Hypertext links for LaTeX

(d:/Software/texlive/2017/texmf-dist/tex/generic/oberdiek/hobsub-hyperref.sty
Package: hobsub-hyperref 2016/05/16 v1.14 Bundle oberdiek, subset hyperref (HO)


(d:/Software/texlive/2017/texmf-dist/tex/generic/oberdiek/hobsub-generic.sty
Package: hobsub-generic 2016/05/16 v1.14 Bundle oberdiek, subset generic (HO)
Package: hobsub 2016/05/16 v1.14 Construct package bundles (HO)
Package: infwarerr 2016/05/16 v1.4 Providing info/warning/error messages (HO)
Package: ltxcmds 2016/05/16 v1.23 LaTeX kernel commands for general use (HO)
Package: ifluatex 2016/05/16 v1.4 Provides the ifluatex switch (HO)
Package ifluatex Info: LuaTeX not detected.
Package: ifvtex 2016/05/16 v1.6 Detect VTeX and its facilities (HO)
Package ifvtex Info: VTeX not detected.
Package: intcalc 2016/05/16 v1.2 Expandable calculations with integers (HO)
Package: ifpdf 2017/03/15 v3.2 Provides the ifpdf switch
Package: etexcmds 2016/05/16 v1.6 Avoid name clashes with e-TeX commands (HO)
Package etexcmds Info: Could not find \expanded.
(etexcmds)             That can mean that you are not using pdfTeX 1.50 or
(etexcmds)             that some package has redefined \expanded.
(etexcmds)             In the latter case, load this package earlier.
Package: kvsetkeys 2016/05/16 v1.17 Key value parser (HO)
Package: kvdefinekeys 2016/05/16 v1.4 Define keys (HO)
Package: pdftexcmds 2017/03/19 v0.25 Utility functions of pdfTeX for LuaTeX (HO
)
Package pdftexcmds Info: LuaTeX not detected.
Package pdftexcmds Info: \pdf@primitive is available.
Package pdftexcmds Info: \pdf@ifprimitive is available.
Package pdftexcmds Info: \pdfdraftmode found.
Package: pdfescape 2016/05/16 v1.14 Implements pdfTeX's escape features (HO)
Package: bigintcalc 2016/05/16 v1.4 Expandable calculations on big integers (HO
)
Package: bitset 2016/05/16 v1.2 Handle bit-vector datatype (HO)
Package: uniquecounter 2016/05/16 v1.3 Provide unlimited unique counter (HO)
)
Package hobsub Info: Skipping package `hobsub' (already loaded).
Package: letltxmacro 2016/05/16 v1.5 Let assignment for LaTeX macros (HO)
Package: hopatch 2016/05/16 v1.3 Wrapper for package hooks (HO)
Package: xcolor-patch 2016/05/16 xcolor patch
Package: atveryend 2016/05/16 v1.9 Hooks at the very end of document (HO)
Package atveryend Info: \enddocument detected (standard20110627).
Package: atbegshi 2016/06/09 v1.18 At begin shipout hook (HO)
Package: refcount 2016/05/16 v3.5 Data extraction from label references (HO)
Package: hycolor 2016/05/16 v1.8 Color options for hyperref/bookmark (HO)
)
(d:/Software/texlive/2017/texmf-dist/tex/latex/graphics/keyval.sty
Package: keyval 2014/10/28 v1.15 key=value parser (DPC)
\KV@toks@=\toks14
)
(d:/Software/texlive/2017/texmf-dist/tex/latex/oberdiek/auxhook.sty
Package: auxhook 2016/05/16 v1.4 Hooks for auxiliary files (HO)
)
(d:/Software/texlive/2017/texmf-dist/tex/latex/oberdiek/kvoptions.sty
Package: kvoptions 2016/05/16 v3.12 Key value format for package options (HO)
)
\@linkdim=\dimen103
\Hy@linkcounter=\count88
\Hy@pagecounter=\count89

(d:/Software/texlive/2017/texmf-dist/tex/latex/hyperref/pd1enc.def
File: pd1enc.def 2017/03/14 v6.85a Hyperref: PDFDocEncoding definition (HO)
)
\Hy@SavedSpaceFactor=\count90

(d:/Software/texlive/2017/texmf-dist/tex/latex/latexconfig/hyperref.cfg
File: hyperref.cfg 2002/06/06 v1.2 hyperref configuration of TeXLive
)
Package hyperref Info: Option `unicode' set `true' on input line 4374.

(d:/Software/texlive/2017/texmf-dist/tex/latex/hyperref/puenc.def
File: puenc.def 2017/03/14 v6.85a Hyperref: PDF Unicode definition (HO)
)
Package hyperref Info: Option `bookmarksnumbered' set `true' on input line 4374
.
Package hyperref Info: Hyper figures OFF on input line 4498.
Package hyperref Info: Link nesting OFF on input line 4503.
Package hyperref Info: Hyper index ON on input line 4506.
Package hyperref Info: Plain pages OFF on input line 4513.
Package hyperref Info: Backreferencing OFF on input line 4518.
Package hyperref Info: Implicit mode ON; LaTeX internals redefined.
Package hyperref Info: Bookmarks ON on input line 4751.
\c@Hy@tempcnt=\count91

(d:/Software/texlive/2017/texmf-dist/tex/latex/url/url.sty
\Urlmuskip=\muskip10
Package: url 2013/09/16  ver 3.4  Verb mode for urls, etc.
)
LaTeX Info: Redefining \url on input line 5104.
\XeTeXLinkMargin=\dimen104
\Fld@menulength=\count92
\Field@Width=\dimen105
\Fld@charsize=\dimen106
Package hyperref Info: Hyper figures OFF on input line 6358.
Package hyperref Info: Link nesting OFF on input line 6363.
Package hyperref Info: Hyper index ON on input line 6366.
Package hyperref Info: backreferencing OFF on input line 6373.
Package hyperref Info: Link coloring OFF on input line 6378.
Package hyperref Info: Link coloring with OCG OFF on input line 6383.
Package hyperref Info: PDF/A mode OFF on input line 6388.
LaTeX Info: Redefining \ref on input line 6428.
LaTeX Info: Redefining \pageref on input line 6432.
\Hy@abspage=\count93
\c@Item=\count94
\c@Hfootnote=\count95
)

Package hyperref Message: Driver (autodetected): hpdftex.

(d:/Software/texlive/2017/texmf-dist/tex/latex/hyperref/hpdftex.def
File: hpdftex.def 2017/03/14 v6.85a Hyperref driver for pdfTeX
\Fld@listcount=\count96
\c@bookmark@seq@number=\count97

(d:/Software/texlive/2017/texmf-dist/tex/latex/oberdiek/rerunfilecheck.sty
Package: rerunfilecheck 2016/05/16 v1.8 Rerun checks for auxiliary files (HO)
Package uniquecounter Info: New unique counter `rerunfilecheck' on input line 2
82.
)
\Hy@SectionHShift=\skip43
)
(./NKThesis.sty
Package: NKThesis 2016/10/12

(d:/Software/texlive/2017/texmf-dist/tex/latex/cjk/texinput/CJK.sty
Package: CJK 2015/04/18 4.8.4

(d:/Software/texlive/2017/texmf-dist/tex/latex/cjk/texinput/mule/MULEenc.sty
Package: MULEenc 2015/04/18 4.8.4
)
(d:/Software/texlive/2017/texmf-dist/tex/latex/cjk/texinput/CJK.enc
File: CJK.enc 2015/04/18 4.8.4
)
LaTeX Info: Redefining \selectfont on input line 755.
\CJK@indent=\box26
)
(d:/Software/texlive/2017/texmf-dist/tex/latex/cjk/texinput/CJKnumb.sty
Package: CJKnumb 2015/04/18 4.8.4
\CJK@q=\count98
\CJK@r=\count99
)
(./uniGBK.sty
Package: uniGBK 2011/02/01 0.0.7
\cp@cnta=\count100
\cp@cntb=\count101
\cp@cntc=\count102
\cp@cntd=\count103
\cp@cnte=\count104

(d:/Software/texlive/2017/texmf-dist/tex/latex/cjkpunct/CJKpunct.spa)
LaTeX Info: Redefining \CJKnumber on input line 718.
LaTeX Info: Redefining \CJKchar on input line 792.
LaTeX Info: Redefining \Unicode on input line 813.
)
(d:/Software/texlive/2017/texmf-dist/tex/latex/graphics/graphicx.sty
Package: graphicx 2014/10/28 v1.0g Enhanced LaTeX Graphics (DPC,SPQR)

(d:/Software/texlive/2017/texmf-dist/tex/latex/graphics/graphics.sty
Package: graphics 2017/04/14 v1.1b Standard LaTeX Graphics (DPC,SPQR)

(d:/Software/texlive/2017/texmf-dist/tex/latex/graphics/trig.sty
Package: trig 2016/01/03 v1.10 sin cos tan (DPC)
)
(d:/Software/texlive/2017/texmf-dist/tex/latex/graphics-cfg/graphics.cfg
File: graphics.cfg 2016/06/04 v1.11 sample graphics configuration
)
Package graphics Info: Driver file: pdftex.def on input line 99.

(d:/Software/texlive/2017/texmf-dist/tex/latex/graphics-def/pdftex.def
File: pdftex.def 2017/01/12 v0.06k Graphics/color for pdfTeX
\Gread@gobject=\count105
))
\Gin@req@height=\dimen107
\Gin@req@width=\dimen108
)
LaTeX Info: Redefining \rmfamily on input line 78.
LaTeX Info: Redefining \sffamily on input line 82.
LaTeX Info: Redefining \ttfamily on input line 86.

(d:/Software/texlive/2017/texmf-dist/tex/generic/zhmetrics/zhwinfonts.tex
(d:/Software/texlive/2017/texmf-dist/tex/generic/oberdiek/ifpdf.sty

LaTeX Warning: You have requested package `NKThesis',
               but the package provides `ifpdf'.

Package: ifpdf 2017/03/15 v3.2 Provides the ifpdf switch
){d:/Software/texlive/2017/texmf-var/fonts/map/pdftex/updmap/pdftex.map}{UGBK.s
fd}{Unicode.sfd})
(d:/Software/texlive/2017/texmf-dist/tex/latex/psnfss/mathptmx.sty
Package: mathptmx 2005/04/12 PSNFSS-v9.2a Times w/ Math, improved (SPQR, WaS) 
LaTeX Font Info:    Redeclaring symbol font `operators' on input line 28.
LaTeX Font Info:    Overwriting symbol font `operators' in version `normal'
(Font)                  OT1/cmr/m/n --> OT1/ztmcm/m/n on input line 28.
LaTeX Font Info:    Overwriting symbol font `operators' in version `bold'
(Font)                  OT1/cmr/bx/n --> OT1/ztmcm/m/n on input line 28.
LaTeX Font Info:    Redeclaring symbol font `letters' on input line 29.
LaTeX Font Info:    Overwriting symbol font `letters' in version `normal'
(Font)                  OML/cmm/m/it --> OML/ztmcm/m/it on input line 29.
LaTeX Font Info:    Overwriting symbol font `letters' in version `bold'
(Font)                  OML/cmm/b/it --> OML/ztmcm/m/it on input line 29.
LaTeX Font Info:    Redeclaring symbol font `symbols' on input line 30.
LaTeX Font Info:    Overwriting symbol font `symbols' in version `normal'
(Font)                  OMS/cmsy/m/n --> OMS/ztmcm/m/n on input line 30.
LaTeX Font Info:    Overwriting symbol font `symbols' in version `bold'
(Font)                  OMS/cmsy/b/n --> OMS/ztmcm/m/n on input line 30.
LaTeX Font Info:    Redeclaring symbol font `largesymbols' on input line 31.
LaTeX Font Info:    Overwriting symbol font `largesymbols' in version `normal'
(Font)                  OMX/cmex/m/n --> OMX/ztmcm/m/n on input line 31.
LaTeX Font Info:    Overwriting symbol font `largesymbols' in version `bold'
(Font)                  OMX/cmex/m/n --> OMX/ztmcm/m/n on input line 31.
\symbold=\mathgroup4
\symitalic=\mathgroup5
LaTeX Font Info:    Redeclaring math alphabet \mathbf on input line 34.
LaTeX Font Info:    Overwriting math alphabet `\mathbf' in version `normal'
(Font)                  OT1/cmr/bx/n --> OT1/ptm/bx/n on input line 34.
LaTeX Font Info:    Overwriting math alphabet `\mathbf' in version `bold'
(Font)                  OT1/cmr/bx/n --> OT1/ptm/bx/n on input line 34.
LaTeX Font Info:    Redeclaring math alphabet \mathit on input line 35.
LaTeX Font Info:    Overwriting math alphabet `\mathit' in version `normal'
(Font)                  OT1/cmr/m/it --> OT1/ptm/m/it on input line 35.
LaTeX Font Info:    Overwriting math alphabet `\mathit' in version `bold'
(Font)                  OT1/cmr/bx/it --> OT1/ptm/m/it on input line 35.
LaTeX Info: Redefining \hbar on input line 50.
)
LaTeX Font Info:    Redeclaring math alphabet \mathcal on input line 118.
\NKTtemp@dim@a=\dimen109
\npnumwidth=\dimen110
\tocchaptertitlewidth=\dimen111
\tocsectiontitlewidth=\dimen112
\tocsubsectiontitlewidth=\dimen113
\NKT@tempdim=\dimen114
\NKT@itemcnt=\count106

(./NKThesis.cfg) (./NKTfonts.cfg
File: NKTfonts.cfg 
))
(d:/Software/texlive/2017/texmf-dist/tex/latex/tools/bm.sty
Package: bm 2017/01/16 v1.2c Bold Symbol Support (DPC/FMi)
LaTeX Info: Redefining \bm on input line 207.
)
(d:/Software/texlive/2017/texmf-dist/tex/latex/booktabs/booktabs.sty
Package: booktabs 2016/04/27 v1.618033 publication quality tables
\heavyrulewidth=\dimen115
\lightrulewidth=\dimen116
\cmidrulewidth=\dimen117
\belowrulesep=\dimen118
\belowbottomsep=\dimen119
\aboverulesep=\dimen120
\abovetopsep=\dimen121
\cmidrulesep=\dimen122
\cmidrulekern=\dimen123
\defaultaddspace=\dimen124
\@cmidla=\count107
\@cmidlb=\count108
\@aboverulesep=\dimen125
\@belowrulesep=\dimen126
\@thisruleclass=\count109
\@lastruleclass=\count110
\@thisrulewidth=\dimen127
)
(d:/Software/texlive/2017/texmf-dist/tex/latex/tipa/tipa.sty
Package: tipa 2002/08/08 TIPA version 1.1

(d:/Software/texlive/2017/texmf-dist/tex/latex/base/fontenc.sty
Package: fontenc 2017/04/05 v2.0i Standard LaTeX package

(d:/Software/texlive/2017/texmf-dist/tex/latex/tipa/t3enc.def
File: t3enc.def 2001/12/31 T3 encoding
)
(d:/Software/texlive/2017/texmf-dist/tex/latex/base/ot1enc.def
File: ot1enc.def 2017/04/05 v2.0i Standard LaTeX file
LaTeX Font Info:    Redeclaring font encoding OT1 on input line 48.
)))
(d:/Software/texlive/2017/texmf-dist/tex/latex/amsmath/amsmath.sty
Package: amsmath 2016/11/05 v2.16a AMS math features
\@mathmargin=\skip44

For additional information on amsmath, use the `?' option.
(d:/Software/texlive/2017/texmf-dist/tex/latex/amsmath/amstext.sty
Package: amstext 2000/06/29 v2.01 AMS text

(d:/Software/texlive/2017/texmf-dist/tex/latex/amsmath/amsgen.sty
File: amsgen.sty 1999/11/30 v2.0 generic functions
\@emptytoks=\toks15
\ex@=\dimen128
))
(d:/Software/texlive/2017/texmf-dist/tex/latex/amsmath/amsbsy.sty
Package: amsbsy 1999/11/29 v1.2d Bold Symbols
LaTeX Info: Redefining \boldsymbol on input line 28.
\pmbraise@=\dimen129
)
(d:/Software/texlive/2017/texmf-dist/tex/latex/amsmath/amsopn.sty
Package: amsopn 2016/03/08 v2.02 operator names
)
\inf@bad=\count111
LaTeX Info: Redefining \frac on input line 213.
\uproot@=\count112
\leftroot@=\count113
LaTeX Info: Redefining \overline on input line 375.
\classnum@=\count114
\DOTSCASE@=\count115
LaTeX Info: Redefining \ldots on input line 472.
LaTeX Info: Redefining \dots on input line 475.
LaTeX Info: Redefining \cdots on input line 596.
\Mathstrutbox@=\box27
\strutbox@=\box28
\big@size=\dimen130
LaTeX Font Info:    Redeclaring font encoding OML on input line 712.
LaTeX Font Info:    Redeclaring font encoding OMS on input line 713.
\macc@depth=\count116
\c@MaxMatrixCols=\count117
\dotsspace@=\muskip11
\c@parentequation=\count118
\dspbrk@lvl=\count119
\tag@help=\toks16
\row@=\count120
\column@=\count121
\maxfields@=\count122
\andhelp@=\toks17
\eqnshift@=\dimen131
\alignsep@=\dimen132
\tagshift@=\dimen133
\tagwidth@=\dimen134
\totwidth@=\dimen135
\lineht@=\dimen136
\@envbody=\toks18
\multlinegap=\skip45
\multlinetaggap=\skip46
\mathdisplay@stack=\toks19
LaTeX Info: Redefining \[ on input line 2817.
LaTeX Info: Redefining \] on input line 2818.
)
(d:/Software/texlive/2017/texmf-dist/tex/latex/multirow/multirow.sty
Package: multirow 2016/11/25 v2.2 Span multiple rows of a table
\multirow@colwidth=\skip47
\multirow@cntb=\count123
\multirow@dima=\skip48
\bigstrutjot=\dimen137
)
(d:/Software/texlive/2017/texmf-dist/tex/latex/supertabular/supertabular.sty
Package: supertabular 2004/02/20 v4.1e the supertabular environment
\c@tracingst=\count124
\ST@wd=\dimen138
\ST@rightskip=\skip49
\ST@leftskip=\skip50
\ST@parfillskip=\skip51
\ST@pageleft=\dimen139
\ST@headht=\dimen140
\ST@tailht=\dimen141
\ST@pagesofar=\dimen142
\ST@pboxht=\dimen143
\ST@lineht=\dimen144
\ST@stretchht=\dimen145
\ST@prevht=\dimen146
\ST@toadd=\dimen147
\ST@dimen=\dimen148
\ST@pbox=\box29
)
(d:/Software/texlive/2017/texmf-dist/tex/latex/algorithms/algorithm.sty
Package: algorithm 2009/08/24 v0.1 Document Style `algorithm' - floating enviro
nment

(d:/Software/texlive/2017/texmf-dist/tex/latex/float/float.sty
Package: float 2001/11/08 v1.3d Float enhancements (AL)
\c@float@type=\count125
\float@exts=\toks20
\float@box=\box30
\@float@everytoks=\toks21
\@floatcapt=\box31
)
(d:/Software/texlive/2017/texmf-dist/tex/latex/base/ifthen.sty
Package: ifthen 2014/09/29 v1.1c Standard LaTeX ifthen package (DPC)
)
\@float@every@algorithm=\toks22
\c@algorithm=\count126
)
(d:/Software/texlive/2017/texmf-dist/tex/latex/algorithmicx/algorithmicx.sty
Package: algorithmicx 2005/04/27 v1.2 Algorithmicx

Document Style algorithmicx 1.2 - a greatly improved `algorithmic' style
\c@ALG@line=\count127
\c@ALG@rem=\count128
\c@ALG@nested=\count129
\ALG@tlm=\skip52
\ALG@thistlm=\skip53
\c@ALG@Lnr=\count130
\c@ALG@blocknr=\count131
\c@ALG@storecount=\count132
\c@ALG@tmpcounter=\count133
\ALG@tmplength=\skip54
) (d:/Software/texlive/2017/texmf-dist/tex/latex/algorithmicx/algpseudocode.sty
Package: algpseudocode 
Document Style - pseudocode environments for use with the `algorithmicx' style
)
\c@mydef=\count134
 (d:/Software/texlive/2017/texmf-dist/tex/latex/biblatex/biblatex.sty
Package: biblatex 2016/12/05 v3.7 programmable bibliographies (PK/JW/AB)

(d:/Software/texlive/2017/texmf-dist/tex/latex/etoolbox/etoolbox.sty
Package: etoolbox 2017/01/02 v2.4 e-TeX tools for LaTeX (JAW)
\etb@tempcnta=\count135
)
(d:/Software/texlive/2017/texmf-dist/tex/latex/logreq/logreq.sty
Package: logreq 2010/08/04 v1.0 xml request logger
\lrq@indent=\count136

(d:/Software/texlive/2017/texmf-dist/tex/latex/logreq/logreq.def
File: logreq.def 2010/08/04 v1.0 logreq spec v1.0
))
(d:/Software/texlive/2017/texmf-dist/tex/generic/xstring/xstring.sty
(d:/Software/texlive/2017/texmf-dist/tex/generic/xstring/xstring.tex
\@xs@message=\write3
\integerpart=\count137
\decimalpart=\count138
)
Package: xstring 2013/10/13  v1.7c  String manipulations (C Tellechea)
)
\c@tabx@nest=\count139
\c@listtotal=\count140
\c@listcount=\count141
\c@liststart=\count142
\c@liststop=\count143
\c@citecount=\count144
\c@citetotal=\count145
\c@multicitecount=\count146
\c@multicitetotal=\count147
\c@instcount=\count148
\c@maxnames=\count149
\c@minnames=\count150
\c@maxitems=\count151
\c@minitems=\count152
\c@citecounter=\count153
\c@savedcitecounter=\count154
\c@uniquelist=\count155
\c@uniquename=\count156
\c@refsection=\count157
\c@refsegment=\count158
\c@maxextratitle=\count159
\c@maxextratitleyear=\count160
\c@maxextrayear=\count161
\c@maxextraalpha=\count162
\c@abbrvpenalty=\count163
\c@highnamepenalty=\count164
\c@lownamepenalty=\count165
\c@maxparens=\count166
\c@parenlevel=\count167
\blx@tempcnta=\count168
\blx@tempcntb=\count169
\blx@tempcntc=\count170
\blx@maxsection=\count171
\blx@maxsegment@0=\count172
\blx@notetype=\count173
\blx@parenlevel@text=\count174
\blx@parenlevel@foot=\count175
\blx@sectionciteorder@0=\count176
\labelnumberwidth=\skip55
\labelalphawidth=\skip56
\biblabelsep=\skip57
\bibitemsep=\skip58
\bibnamesep=\skip59
\bibinitsep=\skip60
\bibparsep=\skip61
\bibhang=\skip62
\blx@bcfin=\read1
\blx@bcfout=\write4
\c@mincomprange=\count177
\c@maxcomprange=\count178
\c@mincompwidth=\count179
Package biblatex Info: Trying to load biblatex default data model...
Package biblatex Info: ... file 'blx-dm.def' found.

(d:/Software/texlive/2017/texmf-dist/tex/latex/biblatex/blx-dm.def)
Package biblatex Info: Trying to load biblatex style data model...
Package biblatex Info: ... file 'nkthesis.dbx' not found.
Package biblatex Info: Trying to load biblatex custom data model...
Package biblatex Info: ... file 'biblatex-dm.cfg' not found.
\c@afterword=\count180
\c@savedafterword=\count181
\c@annotator=\count182
\c@savedannotator=\count183
\c@author=\count184
\c@savedauthor=\count185
\c@bookauthor=\count186
\c@savedbookauthor=\count187
\c@commentator=\count188
\c@savedcommentator=\count189
\c@editor=\count190
\c@savededitor=\count191
\c@editora=\count192
\c@savededitora=\count193
\c@editorb=\count194
\c@savededitorb=\count195
\c@editorc=\count196
\c@savededitorc=\count197
\c@foreword=\count198
\c@savedforeword=\count199
\c@holder=\count266
\c@savedholder=\count267
\c@introduction=\count268
\c@savedintroduction=\count269
\c@namea=\count270
\c@savednamea=\count271
\c@nameb=\count272
\c@savednameb=\count273
\c@namec=\count274
\c@savednamec=\count275
\c@translator=\count276
\c@savedtranslator=\count277
\c@shortauthor=\count278
\c@savedshortauthor=\count279
\c@shorteditor=\count280
\c@savedshorteditor=\count281
\c@labelname=\count282
\c@savedlabelname=\count283
\c@institution=\count284
\c@savedinstitution=\count285
\c@lista=\count286
\c@savedlista=\count287
\c@listb=\count288
\c@savedlistb=\count289
\c@listc=\count290
\c@savedlistc=\count291
\c@listd=\count292
\c@savedlistd=\count293
\c@liste=\count294
\c@savedliste=\count295
\c@listf=\count296
\c@savedlistf=\count297
\c@location=\count298
\c@savedlocation=\count299
\c@organization=\count300
\c@savedorganization=\count301
\c@origlocation=\count302
\c@savedoriglocation=\count303
\c@origpublisher=\count304
\c@savedorigpublisher=\count305
\c@publisher=\count306
\c@savedpublisher=\count307
\c@language=\count308
\c@savedlanguage=\count309
\c@pageref=\count310
\c@savedpageref=\count311
\shorthandwidth=\skip63
\shortjournalwidth=\skip64
\shortserieswidth=\skip65
\shorttitlewidth=\skip66
\shortauthorwidth=\skip67
\shorteditorwidth=\skip68
Package biblatex Info: Trying to load compatibility code...
Package biblatex Info: ... file 'blx-compat.def' found.

(d:/Software/texlive/2017/texmf-dist/tex/latex/biblatex/blx-compat.def
File: blx-compat.def 2016/12/05 v3.7 biblatex compatibility (PK/JW/AB)
)
Package biblatex Info: Trying to load BibTeX backend compatibility...
Package biblatex Info: ... file 'blx-bibtex.def' found.

(d:/Software/texlive/2017/texmf-dist/tex/latex/biblatex/blx-bibtex.def
File: blx-bibtex.def 2016/12/05 v3.7 biblatex compatibility (PK/JW/AB)


Package biblatex Warning: Using fall-back BibTeX(8) backend:
(biblatex)                functionality may be reduced/unavailable.

)
Package biblatex Info: Trying to load generic definitions...
Package biblatex Info: ... file 'biblatex.def' found.
 (d:/Software/texlive/2017/texmf-dist/tex/latex/biblatex/biblatex.def
File: biblatex.def 2016/12/05 v3.7 biblatex compatibility (PK/JW/AB)
\c@textcitecount=\count312
\c@textcitetotal=\count313
\c@textcitemaxnames=\count314
\c@biburlnumpenalty=\count315
\c@biburlucpenalty=\count316
\c@biburllcpenalty=\count317
\c@smartand=\count318
)
Package biblatex Info: Trying to load bibliography style 'nkthesis'...
Package biblatex Info: ... file 'nkthesis.bbx' found.

(./nkthesis.bbx
File: caspervector.bbx 2012/05/31 v0.1.3 Casper Ti. Vector's biblatex bibliogra
phy style
Package biblatex Info: Trying to load bibliography style 'numeric'...
Package biblatex Info: ... file 'numeric.bbx' found.

(d:/Software/texlive/2017/texmf-dist/tex/latex/biblatex/bbx/numeric.bbx
File: numeric.bbx 2016/12/05 v3.7 biblatex bibliography style (PK/JW/AB)
Package biblatex Info: Trying to load bibliography style 'standard'...
Package biblatex Info: ... file 'standard.bbx' found.

(d:/Software/texlive/2017/texmf-dist/tex/latex/biblatex/bbx/standard.bbx
File: standard.bbx 2016/12/05 v3.7 biblatex bibliography style (PK/JW/AB)
\c@bbx:relatedcount=\count319
\c@bbx:relatedtotal=\count320
)))
Package biblatex Info: Trying to load citation style 'nkthesis'...
Package biblatex Info: ... file 'nkthesis.cbx' found.

(./nkthesis.cbx
File: caspervector.cbx 2012/05/31 v0.1.3 Casper Ti. Vector's biblatex citation 
style
Package biblatex Info: Trying to load citation style 'numeric-comp'...
Package biblatex Info: ... file 'numeric-comp.cbx' found.

(d:/Software/texlive/2017/texmf-dist/tex/latex/biblatex/cbx/numeric-comp.cbx
File: numeric-comp.cbx 2016/12/05 v3.7 biblatex citation style (PK/JW/AB)
\c@cbx@tempcnta=\count321
\c@cbx@tempcntb=\count322
Package biblatex Info: Redefining '\cite'.
Package biblatex Info: Redefining '\parencite'.
Package biblatex Info: Redefining '\footcite'.
Package biblatex Info: Redefining '\footcitetext'.
Package biblatex Info: Redefining '\smartcite'.
Package biblatex Info: Redefining '\supercite'.
Package biblatex Info: Redefining '\textcite'.
Package biblatex Info: Redefining '\textcites'.
Package biblatex Info: Redefining '\cites'.
Package biblatex Info: Redefining '\parencites'.
Package biblatex Info: Redefining '\smartcites'.
)
Package biblatex Info: Redefining '\cite'.
Package biblatex Info: Redefining '\supercite'.
)
Package biblatex Info: Trying to load configuration file...
Package biblatex Info: ... file 'biblatex.cfg' found.

(d:/Software/texlive/2017/texmf-dist/tex/latex/biblatex/biblatex.cfg
File: biblatex.cfg 
))
Package hyperref Info: Option `colorlinks' set `true' on input line 48.

(d:/Software/texlive/2017/texmf-dist/tex/latex/pgf/frontendlayer/tikz.sty
(d:/Software/texlive/2017/texmf-dist/tex/latex/pgf/basiclayer/pgf.sty
(d:/Software/texlive/2017/texmf-dist/tex/latex/pgf/utilities/pgfrcs.sty
(d:/Software/texlive/2017/texmf-dist/tex/generic/pgf/utilities/pgfutil-common.t
ex
\pgfutil@everybye=\toks23
\pgfutil@tempdima=\dimen149
\pgfutil@tempdimb=\dimen150

(d:/Software/texlive/2017/texmf-dist/tex/generic/pgf/utilities/pgfutil-common-l
ists.tex))
(d:/Software/texlive/2017/texmf-dist/tex/generic/pgf/utilities/pgfutil-latex.de
f
\pgfutil@abb=\box32
 (d:/Software/texlive/2017/texmf-dist/tex/latex/ms/everyshi.sty
Package: everyshi 2001/05/15 v3.00 EveryShipout Package (MS)
))
(d:/Software/texlive/2017/texmf-dist/tex/generic/pgf/utilities/pgfrcs.code.tex
Package: pgfrcs 2015/08/07 v3.0.1a (rcs-revision 1.31)
))
Package: pgf 2015/08/07 v3.0.1a (rcs-revision 1.15)
 (d:/Software/texlive/2017/texmf-dist/tex/latex/pgf/basiclayer/pgfcore.sty
(d:/Software/texlive/2017/texmf-dist/tex/latex/pgf/systemlayer/pgfsys.sty
(d:/Software/texlive/2017/texmf-dist/tex/generic/pgf/systemlayer/pgfsys.code.te
x
Package: pgfsys 2014/07/09 v3.0.1a (rcs-revision 1.48)

(d:/Software/texlive/2017/texmf-dist/tex/generic/pgf/utilities/pgfkeys.code.tex
\pgfkeys@pathtoks=\toks24
\pgfkeys@temptoks=\toks25

(d:/Software/texlive/2017/texmf-dist/tex/generic/pgf/utilities/pgfkeysfiltered.
code.tex
\pgfkeys@tmptoks=\toks26
))
\pgf@x=\dimen151
\pgf@y=\dimen152
\pgf@xa=\dimen153
\pgf@ya=\dimen154
\pgf@xb=\dimen155
\pgf@yb=\dimen156
\pgf@xc=\dimen157
\pgf@yc=\dimen158
\w@pgf@writea=\write5
\r@pgf@reada=\read2
\c@pgf@counta=\count323
\c@pgf@countb=\count324
\c@pgf@countc=\count325
\c@pgf@countd=\count326
\t@pgf@toka=\toks27
\t@pgf@tokb=\toks28
\t@pgf@tokc=\toks29

(d:/Software/texlive/2017/texmf-dist/tex/generic/pgf/systemlayer/pgf.cfg
File: pgf.cfg 2008/05/14  (rcs-revision 1.7)
)
Driver file for pgf: pgfsys-pdftex.def

(d:/Software/texlive/2017/texmf-dist/tex/generic/pgf/systemlayer/pgfsys-pdftex.
def
File: pgfsys-pdftex.def 2014/10/11  (rcs-revision 1.35)

(d:/Software/texlive/2017/texmf-dist/tex/generic/pgf/systemlayer/pgfsys-common-
pdf.def
File: pgfsys-common-pdf.def 2013/10/10  (rcs-revision 1.13)
)))
(d:/Software/texlive/2017/texmf-dist/tex/generic/pgf/systemlayer/pgfsyssoftpath
.code.tex
File: pgfsyssoftpath.code.tex 2013/09/09  (rcs-revision 1.9)
\pgfsyssoftpath@smallbuffer@items=\count327
\pgfsyssoftpath@bigbuffer@items=\count328
)
(d:/Software/texlive/2017/texmf-dist/tex/generic/pgf/systemlayer/pgfsysprotocol
.code.tex
File: pgfsysprotocol.code.tex 2006/10/16  (rcs-revision 1.4)
)) (d:/Software/texlive/2017/texmf-dist/tex/latex/xcolor/xcolor.sty
Package: xcolor 2016/05/11 v2.12 LaTeX color extensions (UK)

(d:/Software/texlive/2017/texmf-dist/tex/latex/graphics-cfg/color.cfg
File: color.cfg 2016/01/02 v1.6 sample color configuration
)
Package xcolor Info: Driver file: pdftex.def on input line 225.
Package xcolor Info: Model `cmy' substituted by `cmy0' on input line 1348.
Package xcolor Info: Model `hsb' substituted by `rgb' on input line 1352.
Package xcolor Info: Model `RGB' extended on input line 1364.
Package xcolor Info: Model `HTML' substituted by `rgb' on input line 1366.
Package xcolor Info: Model `Hsb' substituted by `hsb' on input line 1367.
Package xcolor Info: Model `tHsb' substituted by `hsb' on input line 1368.
Package xcolor Info: Model `HSB' substituted by `hsb' on input line 1369.
Package xcolor Info: Model `Gray' substituted by `gray' on input line 1370.
Package xcolor Info: Model `wave' substituted by `hsb' on input line 1371.
)
(d:/Software/texlive/2017/texmf-dist/tex/generic/pgf/basiclayer/pgfcore.code.te
x
Package: pgfcore 2010/04/11 v3.0.1a (rcs-revision 1.7)
 (d:/Software/texlive/2017/texmf-dist/tex/generic/pgf/math/pgfmath.code.tex
(d:/Software/texlive/2017/texmf-dist/tex/generic/pgf/math/pgfmathcalc.code.tex
(d:/Software/texlive/2017/texmf-dist/tex/generic/pgf/math/pgfmathutil.code.tex)

(d:/Software/texlive/2017/texmf-dist/tex/generic/pgf/math/pgfmathparser.code.te
x
\pgfmath@dimen=\dimen159
\pgfmath@count=\count329
\pgfmath@box=\box33
\pgfmath@toks=\toks30
\pgfmath@stack@operand=\toks31
\pgfmath@stack@operation=\toks32
)
(d:/Software/texlive/2017/texmf-dist/tex/generic/pgf/math/pgfmathfunctions.code
.tex
(d:/Software/texlive/2017/texmf-dist/tex/generic/pgf/math/pgfmathfunctions.basi
c.code.tex)
(d:/Software/texlive/2017/texmf-dist/tex/generic/pgf/math/pgfmathfunctions.trig
onometric.code.tex)
(d:/Software/texlive/2017/texmf-dist/tex/generic/pgf/math/pgfmathfunctions.rand
om.code.tex)
(d:/Software/texlive/2017/texmf-dist/tex/generic/pgf/math/pgfmathfunctions.comp
arison.code.tex)
(d:/Software/texlive/2017/texmf-dist/tex/generic/pgf/math/pgfmathfunctions.base
.code.tex)
(d:/Software/texlive/2017/texmf-dist/tex/generic/pgf/math/pgfmathfunctions.roun
d.code.tex)
(d:/Software/texlive/2017/texmf-dist/tex/generic/pgf/math/pgfmathfunctions.misc
.code.tex)
(d:/Software/texlive/2017/texmf-dist/tex/generic/pgf/math/pgfmathfunctions.inte
gerarithmetics.code.tex)))
(d:/Software/texlive/2017/texmf-dist/tex/generic/pgf/math/pgfmathfloat.code.tex
\c@pgfmathroundto@lastzeros=\count330
))
(d:/Software/texlive/2017/texmf-dist/tex/generic/pgf/basiclayer/pgfcorepoints.c
ode.tex
File: pgfcorepoints.code.tex 2013/10/07  (rcs-revision 1.27)
\pgf@picminx=\dimen160
\pgf@picmaxx=\dimen161
\pgf@picminy=\dimen162
\pgf@picmaxy=\dimen163
\pgf@pathminx=\dimen164
\pgf@pathmaxx=\dimen165
\pgf@pathminy=\dimen166
\pgf@pathmaxy=\dimen167
\pgf@xx=\dimen168
\pgf@xy=\dimen169
\pgf@yx=\dimen170
\pgf@yy=\dimen171
\pgf@zx=\dimen172
\pgf@zy=\dimen173
)
(d:/Software/texlive/2017/texmf-dist/tex/generic/pgf/basiclayer/pgfcorepathcons
truct.code.tex
File: pgfcorepathconstruct.code.tex 2013/10/07  (rcs-revision 1.29)
\pgf@path@lastx=\dimen174
\pgf@path@lasty=\dimen175
)
(d:/Software/texlive/2017/texmf-dist/tex/generic/pgf/basiclayer/pgfcorepathusag
e.code.tex
File: pgfcorepathusage.code.tex 2014/11/02  (rcs-revision 1.24)
\pgf@shorten@end@additional=\dimen176
\pgf@shorten@start@additional=\dimen177
)
(d:/Software/texlive/2017/texmf-dist/tex/generic/pgf/basiclayer/pgfcorescopes.c
ode.tex
File: pgfcorescopes.code.tex 2015/05/08  (rcs-revision 1.46)
\pgfpic=\box34
\pgf@hbox=\box35
\pgf@layerbox@main=\box36
\pgf@picture@serial@count=\count331
)
(d:/Software/texlive/2017/texmf-dist/tex/generic/pgf/basiclayer/pgfcoregraphics
tate.code.tex
File: pgfcoregraphicstate.code.tex 2014/11/02  (rcs-revision 1.12)
\pgflinewidth=\dimen178
)
(d:/Software/texlive/2017/texmf-dist/tex/generic/pgf/basiclayer/pgfcoretransfor
mations.code.tex
File: pgfcoretransformations.code.tex 2015/08/07  (rcs-revision 1.20)
\pgf@pt@x=\dimen179
\pgf@pt@y=\dimen180
\pgf@pt@temp=\dimen181
)
(d:/Software/texlive/2017/texmf-dist/tex/generic/pgf/basiclayer/pgfcorequick.co
de.tex
File: pgfcorequick.code.tex 2008/10/09  (rcs-revision 1.3)
)
(d:/Software/texlive/2017/texmf-dist/tex/generic/pgf/basiclayer/pgfcoreobjects.
code.tex
File: pgfcoreobjects.code.tex 2006/10/11  (rcs-revision 1.2)
)
(d:/Software/texlive/2017/texmf-dist/tex/generic/pgf/basiclayer/pgfcorepathproc
essing.code.tex
File: pgfcorepathprocessing.code.tex 2013/09/09  (rcs-revision 1.9)
)
(d:/Software/texlive/2017/texmf-dist/tex/generic/pgf/basiclayer/pgfcorearrows.c
ode.tex
File: pgfcorearrows.code.tex 2015/05/14  (rcs-revision 1.43)
\pgfarrowsep=\dimen182
)
(d:/Software/texlive/2017/texmf-dist/tex/generic/pgf/basiclayer/pgfcoreshade.co
de.tex
File: pgfcoreshade.code.tex 2013/07/15  (rcs-revision 1.15)
\pgf@max=\dimen183
\pgf@sys@shading@range@num=\count332
)
(d:/Software/texlive/2017/texmf-dist/tex/generic/pgf/basiclayer/pgfcoreimage.co
de.tex
File: pgfcoreimage.code.tex 2013/07/15  (rcs-revision 1.18)

(d:/Software/texlive/2017/texmf-dist/tex/generic/pgf/basiclayer/pgfcoreexternal
.code.tex
File: pgfcoreexternal.code.tex 2014/07/09  (rcs-revision 1.21)
\pgfexternal@startupbox=\box37
))
(d:/Software/texlive/2017/texmf-dist/tex/generic/pgf/basiclayer/pgfcorelayers.c
ode.tex
File: pgfcorelayers.code.tex 2013/07/18  (rcs-revision 1.7)
)
(d:/Software/texlive/2017/texmf-dist/tex/generic/pgf/basiclayer/pgfcoretranspar
ency.code.tex
File: pgfcoretransparency.code.tex 2013/09/30  (rcs-revision 1.5)
)
(d:/Software/texlive/2017/texmf-dist/tex/generic/pgf/basiclayer/pgfcorepatterns
.code.tex
File: pgfcorepatterns.code.tex 2013/11/07  (rcs-revision 1.5)
)))
(d:/Software/texlive/2017/texmf-dist/tex/generic/pgf/modules/pgfmoduleshapes.co
de.tex
File: pgfmoduleshapes.code.tex 2014/03/21  (rcs-revision 1.35)
\pgfnodeparttextbox=\box38
)
(d:/Software/texlive/2017/texmf-dist/tex/generic/pgf/modules/pgfmoduleplot.code
.tex
File: pgfmoduleplot.code.tex 2015/08/03  (rcs-revision 1.13)
)
(d:/Software/texlive/2017/texmf-dist/tex/latex/pgf/compatibility/pgfcomp-versio
n-0-65.sty
Package: pgfcomp-version-0-65 2007/07/03 v3.0.1a (rcs-revision 1.7)
\pgf@nodesepstart=\dimen184
\pgf@nodesepend=\dimen185
)
(d:/Software/texlive/2017/texmf-dist/tex/latex/pgf/compatibility/pgfcomp-versio
n-1-18.sty
Package: pgfcomp-version-1-18 2007/07/23 v3.0.1a (rcs-revision 1.1)
))
(d:/Software/texlive/2017/texmf-dist/tex/latex/pgf/utilities/pgffor.sty
(d:/Software/texlive/2017/texmf-dist/tex/latex/pgf/utilities/pgfkeys.sty
(d:/Software/texlive/2017/texmf-dist/tex/generic/pgf/utilities/pgfkeys.code.tex
)) (d:/Software/texlive/2017/texmf-dist/tex/latex/pgf/math/pgfmath.sty
(d:/Software/texlive/2017/texmf-dist/tex/generic/pgf/math/pgfmath.code.tex))
(d:/Software/texlive/2017/texmf-dist/tex/generic/pgf/utilities/pgffor.code.tex
Package: pgffor 2013/12/13 v3.0.1a (rcs-revision 1.25)

(d:/Software/texlive/2017/texmf-dist/tex/generic/pgf/math/pgfmath.code.tex)
\pgffor@iter=\dimen186
\pgffor@skip=\dimen187
\pgffor@stack=\toks33
\pgffor@toks=\toks34
))
(d:/Software/texlive/2017/texmf-dist/tex/generic/pgf/frontendlayer/tikz/tikz.co
de.tex
Package: tikz 2015/08/07 v3.0.1a (rcs-revision 1.151)

(d:/Software/texlive/2017/texmf-dist/tex/generic/pgf/libraries/pgflibraryplotha
ndlers.code.tex
File: pgflibraryplothandlers.code.tex 2013/08/31 v3.0.1a (rcs-revision 1.20)
\pgf@plot@mark@count=\count333
\pgfplotmarksize=\dimen188
)
\tikz@lastx=\dimen189
\tikz@lasty=\dimen190
\tikz@lastxsaved=\dimen191
\tikz@lastysaved=\dimen192
\tikzleveldistance=\dimen193
\tikzsiblingdistance=\dimen194
\tikz@figbox=\box39
\tikz@figbox@bg=\box40
\tikz@tempbox=\box41
\tikz@tempbox@bg=\box42
\tikztreelevel=\count334
\tikznumberofchildren=\count335
\tikznumberofcurrentchild=\count336
\tikz@fig@count=\count337

(d:/Software/texlive/2017/texmf-dist/tex/generic/pgf/modules/pgfmodulematrix.co
de.tex
File: pgfmodulematrix.code.tex 2013/09/17  (rcs-revision 1.8)
\pgfmatrixcurrentrow=\count338
\pgfmatrixcurrentcolumn=\count339
\pgf@matrix@numberofcolumns=\count340
)
\tikz@expandcount=\count341

(d:/Software/texlive/2017/texmf-dist/tex/generic/pgf/frontendlayer/tikz/librari
es/tikzlibrarytopaths.code.tex
File: tikzlibrarytopaths.code.tex 2008/06/17 v3.0.1a (rcs-revision 1.2)
)))
\c@Theorem=\count342
Package biblatex Info: Trying to load language 'english'...
Package biblatex Info: ... file 'english.lbx' found.

(d:/Software/texlive/2017/texmf-dist/tex/latex/biblatex/lbx/english.lbx
File: english.lbx 2016/12/05 v3.7 biblatex localization (PK/JW/AB)
)
\@quotelevel=\count343
\@quotereset=\count344

(./main.aux (./abstract.aux) (./body.aux) (./references.aux)
(./acknowledgements.aux) (./appendices.aux) (./resume.aux))
\openout1 = `main.aux'.

LaTeX Font Info:    Checking defaults for OML/cmm/m/it on input line 78.
LaTeX Font Info:    ... okay on input line 78.
LaTeX Font Info:    Checking defaults for T1/cmr/m/n on input line 78.
LaTeX Font Info:    ... okay on input line 78.
LaTeX Font Info:    Checking defaults for OT1/cmr/m/n on input line 78.
LaTeX Font Info:    ... okay on input line 78.
LaTeX Font Info:    Checking defaults for OMS/cmsy/m/n on input line 78.
LaTeX Font Info:    ... okay on input line 78.
LaTeX Font Info:    Checking defaults for OMX/cmex/m/n on input line 78.
LaTeX Font Info:    ... okay on input line 78.
LaTeX Font Info:    Checking defaults for U/cmr/m/n on input line 78.
LaTeX Font Info:    ... okay on input line 78.
LaTeX Font Info:    Checking defaults for PD1/pdf/m/n on input line 78.
LaTeX Font Info:    ... okay on input line 78.
LaTeX Font Info:    Checking defaults for PU/pdf/m/n on input line 78.
LaTeX Font Info:    ... okay on input line 78.
LaTeX Font Info:    Checking defaults for C00/song/m/n on input line 78.
LaTeX Font Info:    ... okay on input line 78.
LaTeX Font Info:    Checking defaults for C05/song/m/n on input line 78.
LaTeX Font Info:    ... okay on input line 78.
LaTeX Font Info:    Checking defaults for C09/song/m/n on input line 78.
LaTeX Font Info:    ... okay on input line 78.
LaTeX Font Info:    Checking defaults for C10/song/m/n on input line 78.
LaTeX Font Info:    ... okay on input line 78.
LaTeX Font Info:    Checking defaults for C20/song/m/n on input line 78.
LaTeX Font Info:    ... okay on input line 78.
LaTeX Font Info:    Checking defaults for C19/song/m/n on input line 78.
LaTeX Font Info:    ... okay on input line 78.
LaTeX Font Info:    Checking defaults for C40/song/m/n on input line 78.
LaTeX Font Info:    ... okay on input line 78.
LaTeX Font Info:    Checking defaults for C42/song/m/n on input line 78.
LaTeX Font Info:    ... okay on input line 78.
LaTeX Font Info:    Checking defaults for C43/song/m/n on input line 78.
LaTeX Font Info:    ... okay on input line 78.
LaTeX Font Info:    Checking defaults for C50/song/m/n on input line 78.
LaTeX Font Info:    ... okay on input line 78.
LaTeX Font Info:    Checking defaults for C52/song/m/n on input line 78.
LaTeX Font Info:    ... okay on input line 78.
LaTeX Font Info:    Checking defaults for C49/song/m/n on input line 78.
LaTeX Font Info:    ... okay on input line 78.
LaTeX Font Info:    Checking defaults for C60/mj/m/n on input line 78.
LaTeX Font Info:    ... okay on input line 78.
LaTeX Font Info:    Checking defaults for C61/mj/m/n on input line 78.
LaTeX Font Info:    ... okay on input line 78.
LaTeX Font Info:    Checking defaults for C63/mj/m/n on input line 78.
LaTeX Font Info:    ... okay on input line 78.
LaTeX Font Info:    Checking defaults for C64/mj/m/n on input line 78.
LaTeX Font Info:    ... okay on input line 78.
LaTeX Font Info:    Checking defaults for C65/mj/m/n on input line 78.
LaTeX Font Info:    ... okay on input line 78.
LaTeX Font Info:    Checking defaults for C70/song/m/n on input line 78.
LaTeX Font Info:    ... okay on input line 78.
LaTeX Font Info:    Checking defaults for C31/song/m/n on input line 78.
LaTeX Font Info:    ... okay on input line 78.
LaTeX Font Info:    Checking defaults for C32/song/m/n on input line 78.
LaTeX Font Info:    ... okay on input line 78.
LaTeX Font Info:    Checking defaults for C33/song/m/n on input line 78.
LaTeX Font Info:    ... okay on input line 78.
LaTeX Font Info:    Checking defaults for C34/song/m/n on input line 78.
LaTeX Font Info:    ... okay on input line 78.
LaTeX Font Info:    Checking defaults for C35/song/m/n on input line 78.
LaTeX Font Info:    ... okay on input line 78.
LaTeX Font Info:    Checking defaults for C36/song/m/n on input line 78.
LaTeX Font Info:    ... okay on input line 78.
LaTeX Font Info:    Checking defaults for C37/song/m/n on input line 78.
LaTeX Font Info:    ... okay on input line 78.
LaTeX Font Info:    Checking defaults for C80/song/m/n on input line 78.
LaTeX Font Info:    ... okay on input line 78.
LaTeX Font Info:    Checking defaults for C81/song/m/n on input line 78.
LaTeX Font Info:    ... okay on input line 78.
LaTeX Font Info:    Checking defaults for C01/song/m/n on input line 78.
LaTeX Font Info:    ... okay on input line 78.
LaTeX Font Info:    Checking defaults for C11/song/m/n on input line 78.
LaTeX Font Info:    ... okay on input line 78.
LaTeX Font Info:    Checking defaults for C21/song/m/n on input line 78.
LaTeX Font Info:    ... okay on input line 78.
LaTeX Font Info:    Checking defaults for C41/song/m/n on input line 78.
LaTeX Font Info:    ... okay on input line 78.
LaTeX Font Info:    Checking defaults for C62/song/m/n on input line 78.
LaTeX Font Info:    ... okay on input line 78.
LaTeX Font Info:    Checking defaults for T3/cmr/m/n on input line 78.
LaTeX Font Info:    Try loading font information for T3+cmr on input line 78.

(d:/Software/texlive/2017/texmf-dist/tex/latex/tipa/t3cmr.fd
File: t3cmr.fd 2001/12/31 TIPA font definitions
)
LaTeX Font Info:    ... okay on input line 78.
LaTeX Font Info:    Try loading font information for OT1+ptm on input line 78.

(d:/Software/texlive/2017/texmf-dist/tex/latex/psnfss/ot1ptm.fd
File: ot1ptm.fd 2001/06/04 font definitions for OT1/ptm.
)
\AtBeginShipoutBox=\box43
Package hyperref Info: Link coloring ON on input line 78.

(d:/Software/texlive/2017/texmf-dist/tex/latex/hyperref/nameref.sty
Package: nameref 2016/05/21 v2.44 Cross-referencing by name of section

(d:/Software/texlive/2017/texmf-dist/tex/generic/oberdiek/gettitlestring.sty
Package: gettitlestring 2016/05/16 v1.5 Cleanup title references (HO)
)
\c@section@level=\count345
)
LaTeX Info: Redefining \ref on input line 78.
LaTeX Info: Redefining \pageref on input line 78.
LaTeX Info: Redefining \nameref on input line 78.

(./main.out) (./main.out)
\@outlinefile=\write6
\openout6 = `main.out'.


(d:/Software/texlive/2017/texmf-dist/tex/latex/cjk/texinput/utf8/UTF8.bdg
File: UTF8.bdg 2015/04/18 4.8.4
)
(./gbktouni.tex)
(d:/Software/texlive/2017/texmf-dist/tex/context/base/mkii/supp-pdf.mkii
[Loading MPS to PDF converter (version 2006.09.02).]
\scratchcounter=\count346
\scratchdimen=\dimen195
\scratchbox=\box44
\nofMPsegments=\count347
\nofMParguments=\count348
\everyMPshowfont=\toks35
\MPscratchCnt=\count349
\MPscratchDim=\dimen196
\MPnumerator=\count350
\makeMPintoPDFobject=\count351
\everyMPtoPDFconversion=\toks36
) (d:/Software/texlive/2017/texmf-dist/tex/latex/oberdiek/epstopdf-base.sty
Package: epstopdf-base 2016/05/15 v2.6 Base part for package epstopdf

(d:/Software/texlive/2017/texmf-dist/tex/latex/oberdiek/grfext.sty
Package: grfext 2016/05/16 v1.2 Manage graphics extensions (HO)
)
Package epstopdf-base Info: Redefining graphics rule for `.eps' on input line 4
38.
Package grfext Info: Graphics extension search list:
(grfext)             [.png,.pdf,.jpg,.mps,.jpeg,.jbig2,.jb2,.PNG,.PDF,.JPG,.JPE
G,.JBIG2,.JB2,.eps]
(grfext)             \AppendGraphicsExtensions on input line 456.

(d:/Software/texlive/2017/texmf-dist/tex/latex/latexconfig/epstopdf-sys.cfg
File: epstopdf-sys.cfg 2010/07/13 v1.3 Configuration of (r)epstopdf for TeX Liv
e
))
Package biblatex Info: No input encoding detected.
(biblatex)             Assuming 'ascii'.
Package biblatex Info: Automatic encoding selection.
(biblatex)             Assuming data encoding 'ascii'.
Package biblatex Info: Input encoding 'ascii' specified.
Package biblatex Info: Data encoding 'ascii' specified.
(biblatex)             No need to reencode data.
\openout4 = `main-blx.bib'.

Package biblatex Info: Trying to load bibliographic data...
Package biblatex Info: ... file 'main.bbl' found.

(./main.bbl

Package biblatex Warning: Biber reported the following issues
(biblatex)                with 'zhang2014chinese':
(biblatex)                - Invalid format of field 'month'.

)
Package biblatex Info: ... file 'main1-blx.bbl' found.
 (./main1-blx.bbl)
Package biblatex Info: Reference section=0 on input line 78.
Package biblatex Info: Reference segment=0 on input line 78.
 ABD: EveryShipout initializing macros
LaTeX Font Info:    Calculating math sizes for size <10.5> on input line 111.
LaTeX Font Info:    Try loading font information for OT1+ztmcm on input line 11
1.

(d:/Software/texlive/2017/texmf-dist/tex/latex/psnfss/ot1ztmcm.fd
File: ot1ztmcm.fd 2000/01/03 Fontinst v1.801 font definitions for OT1/ztmcm.
)
LaTeX Font Info:    Try loading font information for OML+ztmcm on input line 11
1.

(d:/Software/texlive/2017/texmf-dist/tex/latex/psnfss/omlztmcm.fd
File: omlztmcm.fd 2000/01/03 Fontinst v1.801 font definitions for OML/ztmcm.
)
LaTeX Font Info:    Try loading font information for OMS+ztmcm on input line 11
1.

(d:/Software/texlive/2017/texmf-dist/tex/latex/psnfss/omsztmcm.fd
File: omsztmcm.fd 2000/01/03 Fontinst v1.801 font definitions for OMS/ztmcm.
)
LaTeX Font Info:    Try loading font information for OMX+ztmcm on input line 11
1.

(d:/Software/texlive/2017/texmf-dist/tex/latex/psnfss/omxztmcm.fd
File: omxztmcm.fd 2000/01/03 Fontinst v1.801 font definitions for OMX/ztmcm.
)
LaTeX Font Info:    Font shape `OT1/ptm/bx/n' in size <10.5> not available
(Font)              Font shape `OT1/ptm/b/n' tried instead on input line 111.
LaTeX Font Info:    Font shape `OT1/ptm/bx/n' in size <7.77005> not available
(Font)              Font shape `OT1/ptm/b/n' tried instead on input line 111.
LaTeX Font Info:    Font shape `OT1/ptm/bx/n' in size <6.30006> not available
(Font)              Font shape `OT1/ptm/b/n' tried instead on input line 111.
LaTeX Font Info:    Try loading font information for C70+rm on input line 111.

(d:/Software/texlive/2017/texmf-dist/tex/latex/ctex/fd/c70rm.fd
File: c70rm.fd 2017/04/01 v2.4.9 Chinese font definition (CTEX)
)
<nankaidaxue.pdf, id=251, 2995.19pt x 972.63374pt>
File: nankaidaxue.pdf Graphic file (type pdf)
 <use nankaidaxue.pdf>
Package pdftex.def Info: nankaidaxue.pdf used on input line 111.
(pdftex.def)             Requested size: 113.81102pt x 36.95462pt.
LaTeX Font Info:    Calculating math sizes for size <14> on input line 111.
LaTeX Font Info:    Font shape `OT1/ptm/bx/n' in size <14> not available
(Font)              Font shape `OT1/ptm/b/n' tried instead on input line 111.
LaTeX Font Info:    Font shape `OT1/ptm/bx/n' in size <10.36008> not available
(Font)              Font shape `OT1/ptm/b/n' tried instead on input line 111.
LaTeX Font Info:    Font shape `OT1/ptm/bx/n' in size <8.40009> not available
(Font)              Font shape `OT1/ptm/b/n' tried instead on input line 111.

Overfull \hbox (28.84901pt too wide) detected at line 111
 \rm/m/n/8b/14 ¡ \rm/m/n/7b/14 — \rm/m/n/67/14 : \rm/m/n/4e/14 ^^N \rm/m/n/63/1
4 § \rm/m/n/52/14 6 \rm/m/n/5d/14 å \rm/m/n/7a/14  \rm/m/n/5b/14 f \rm/m/n/96/
14 b  
 []


Overfull \hbox (0.84901pt too wide) detected at line 111
 \rm/m/n/8b/14 ¡ \rm/m/n/7b/14 — \rm/m/n/67/14 : \rm/m/n/79/14 Ñ \rm/m/n/5b/14 
f \rm/m/n/4e/14 ^^N \rm/m/n/62/14 € \rm/m/n/67/14 /  
 []

[1


 <./nankaidaxue.pdf>]
LaTeX Font Info:    Font shape `OT1/ptm/bx/n' in size <16> not available
(Font)              Font shape `OT1/ptm/b/n' tried instead on input line 111.
Package uniGBK Info: punctuation spaces for family 'song' do not exist. Use fam
ily 'def' instead. on input line 111.
LaTeX Font Info:    Font shape `OT1/ptm/bx/n' in size <12> not available
(Font)              Font shape `OT1/ptm/b/n' tried instead on input line 111.
Package uniGBK Info: punctuation spaces for family 'hei' do not exist. Use fami
ly 'def' instead. on input line 111.
 [2

]
LaTeX Font Info:    Font shape `OT1/ptm/bx/n' in size <9> not available
(Font)              Font shape `OT1/ptm/b/n' tried instead on input line 111.
LaTeX Font Info:    Font shape `OT1/ptm/bx/n' in size <7> not available
(Font)              Font shape `OT1/ptm/b/n' tried instead on input line 111.
LaTeX Font Info:    Font shape `OT1/ptm/bx/n' in size <15.7> not available
(Font)              Font shape `OT1/ptm/b/n' tried instead on input line 111.
 [3

]
\openout2 = `abstract.aux'.

 (./abstract.tex
LaTeX Font Info:    Font shape `OT1/ptm/bx/n' in size <18> not available
(Font)              Font shape `OT1/ptm/b/n' tried instead on input line 4.
pdfTeX warning (ext4): destination with the same identifier (name{page.I}) has 
been already used, duplicate ignored
<to be read again> 
                   \relax 
l.27 \begin{abstract}
                      [1



]
LaTeX Font Info:    Try loading font information for OT1+phv on input line 27.

(d:/Software/texlive/2017/texmf-dist/tex/latex/psnfss/ot1phv.fd
File: ot1phv.fd 2001/06/04 scalable font definitions for OT1/phv.
)
LaTeX Font Info:    Font shape `OT1/phv/bx/n' in size <18> not available
(Font)              Font shape `OT1/phv/b/n' tried instead on input line 27.
)pdfTeX warning (ext4): destination with the same identifier (name{page.II}) ha
s been already used, duplicate ignored
<to be read again> 
                   \relax 
l.114 \include{abstract}
                         [2

]pdfTeX warning (ext4): destination with the same identifier (name{page.III}) h
as been already used, duplicate ignored
<to be read again> 
                   \relax 
l.114 \include{abstract}
                         [3] [4


] (./main.toc [5])
\tf@toc=\write7
\openout7 = `main.toc'.

 [6]
\openout2 = `body.aux'.

 (./body.tex
ç¬¬\CJKnumber {1}ç«  1.
[1


]
LaTeX Font Info:    Try loading font information for OMS+ptm on input line 25.
 (d:/Software/texlive/2017/texmf-dist/tex/latex/psnfss/omsptm.fd
File: omsptm.fd 
)
LaTeX Font Info:    Font shape `OMS/ptm/m/n' in size <12> not available
(Font)              Font shape `OMS/cmsy/m/n' tried instead on input line 25.

Underfull \vbox (badness 4242) has occurred while \output is active []

 [2]
[3] [4] [5] [6

]
ç¬¬\CJKnumber {2}ç«  2.
LaTeX Font Info:    Font shape `OT1/ptm/bx/n' in size <13> not available
(Font)              Font shape `OT1/ptm/b/n' tried instead on input line 67.

Underfull \vbox (badness 10000) has occurred while \output is active []

 [7]
Underfull \vbox (badness 10000) has occurred while \output is active []

 [8]
[9]
Underfull \vbox (badness 10000) has occurred while \output is active []

 [10]
[11] [12

]
ç¬¬\CJKnumber {3}ç«  3.

Package mathptmx Warning: There are no bold math fonts on input line 123.


LaTeX Warning: `h' float specifier changed to `ht'.


LaTeX Warning: `h' float specifier changed to `ht'.

LaTeX Font Info:    Font shape `OT1/ptm/bx/n' in size <10> not available
(Font)              Font shape `OT1/ptm/b/n' tried instead on input line 181.
LaTeX Font Info:    Font shape `OT1/ptm/bx/n' in size <7.4> not available
(Font)              Font shape `OT1/ptm/b/n' tried instead on input line 181.
LaTeX Font Info:    Font shape `OT1/ptm/bx/n' in size <6> not available
(Font)              Font shape `OT1/ptm/b/n' tried instead on input line 181.
LaTeX Font Info:    Try loading font information for T3+ptm on input line 181.
(d:/Software/texlive/2017/texmf-dist/tex/latex/tipa/t3ptm.fd
File: t3ptm.fd 2001/12/31 TIPA font definitions
)

LaTeX Warning: `h' float specifier changed to `ht'.


Underfull \vbox (badness 1052) has occurred while \output is active []

 [13]
Package uniGBK Info: punctuation spaces for family 'kai' do not exist. Use fami
ly 'def' instead. on input line 207.

[14] <VAE.png, id=711, 134.904pt x 301.125pt>
File: VAE.png Graphic file (type png)
 <use VAE.png>
Package pdftex.def Info: VAE.png used on input line 229.
(pdftex.def)             Requested size: 124.62433pt x 278.18704pt.

Underfull \vbox (badness 1424) has occurred while \output is active []

 [15]
[16 <./VAE.png>]
Overfull \hbox (7.14832pt too wide) in paragraph at lines 255--257
\rm/m/n/57/12 ( \rm/m/n/8f/12 Ù \rm/m/n/91/12 Ì\rm/m/n/ff/12 ^^L| $[] \OML/ztmc
m/m/it/12 P\OT1/ztmcm/m/n/12 ([])$ \rm/m/n/88/12 « \rm/m/n/4e/12 Î \rm/m/n/67/1
2 ^^_ ^^[ \rm/m/n/4e/12 - \rm/m/n/63/12 Ð \rm/m/n/51/12 ú\rm/m/n/ff/12 ^^L| \rm
/m/n/66/12 / \rm/m/n/56/12 à \rm/m/n/4e/12 : \rm/m/n/5b/12 ƒ \rm/m/n/4e/12 ^^M 
\rm/m/n/4f/12  \rm/m/n/8d/12 V \rm/m/n/4e/12 Ž $[]$\rm/m/n/30/12 ^^B| \rm/m/n/
5c/12 ^^F \rm/m/n/7b/12 I \rm/m/n/5f/12 ^^O \rm/m/n/4e/12 - $\OMS/ztmcm/m/n/12 
^^@ [] \OML/ztmcm/m/it/12 P\OT1/ztmcm/m/n/12 ([]\OMS/ztmcm/m/n/12 j[]\OT1/ztmcm
/m/n/12 ) \OMS/ztmcm/m/n/12 ^^@
 []


Overfull \hbox (9.95505pt too wide) in paragraph at lines 270--271
\rm/m/n/53/12 s $\OMS/cmsy/m/n/12 N\OT1/ztmcm/m/n/12 ([]\OMS/ztmcm/m/n/12 j[]\O
T1/ztmcm/m/n/12 )$\rm/m/n/30/12 ^^B| \rm/m/n/90/12 £ \rm/m/n/4e/12 H \rm/m/n/51
/12 l \rm/m/n/5f/12 ^^O [][]\OT1/ptm/m/n/12 3.5[][]\rm/m/n/4e/12 - $[]$ \rm/m/n
/65/12 c \rm/m/n/5e/12 ¦ \rm/m/n/76/12 „ \rm/m/n/90/12 è \rm/m/n/52/12 ^^F \rm/
m/n/53/12 s ï \rm/m/n/65/12 9 \rm/m/n/51/12 ™ \rm/m/n/4e/12 : $\OMS/cmsy/m/n/12
 D[]$\rm/m/n/30/12 ^^B|
 []

[17] <noreparam.png, id=776, 600.8046pt x 453.3738pt>
File: noreparam.png Graphic file (type png)
 <use noreparam.png>
Package pdftex.def Info: noreparam.png used on input line 286.
(pdftex.def)             Requested size: 290.78589pt x 219.43636pt.


LaTeX Font Warning: Font shape `OMS/cmsy/m/n' in size <10.5> not available
(Font)              size <10.95> substituted on input line 287.


LaTeX Warning: `h' float specifier changed to `ht'.

<reparam.png, id=778, 600.8046pt x 453.3738pt>
File: reparam.png Graphic file (type png)
 <use reparam.png>
Package pdftex.def Info: reparam.png used on input line 293.
(pdftex.def)             Requested size: 290.78589pt x 219.43636pt.


LaTeX Warning: `h' float specifier changed to `ht'.


Underfull \vbox (badness 10000) has occurred while \output is active []

 [18]
[19 <./noreparam.png>] <word2vec.png, id=801, 836.12375pt x 486.81876pt>
File: word2vec.png Graphic file (type png)

<use word2vec.png>
Package pdftex.def Info: word2vec.png used on input line 331.
(pdftex.def)             Requested size: 415.41023pt x 241.87112pt.


LaTeX Warning: `h' float specifier changed to `ht'.

<doc2vec.png, id=807, 769.4346pt x 284.262pt>
File: doc2vec.png Graphic file (type png)
 <use doc2vec.png>
Package pdftex.def Info: doc2vec.png used on input line 352.
(pdftex.def)             Requested size: 415.41023pt x 153.47316pt.


LaTeX Warning: `h' float specifier changed to `ht'.

<hierarchical_softmax.png, id=808, 653.44125pt x 393.97188pt>
File: hierarchical_softmax.png Graphic file (type png)

<use hierarchical_softmax.png>
Package pdftex.def Info: hierarchical_softmax.png used on input line 363.
(pdftex.def)             Requested size: 290.78589pt x 175.31993pt.


LaTeX Warning: `h' float specifier changed to `ht'.

[20 <./reparam.png>] [21 <./word2vec.png>]
Underfull \vbox (badness 4954) has occurred while \output is active []

 [22 <./doc2vec.png> <./hierarchical_softmax.png>] [23] [24

]
ç¬¬\CJKnumber {4}ç«  4.
<model.png, id=850, 461.0826pt x 444.2196pt>
File: model.png Graphic file (type png)
 <use model.png>
Package pdftex.def Info: model.png used on input line 398.
(pdftex.def)             Requested size: 341.43306pt x 328.9546pt.
 [25 <./model.png>] <rhyme.png, id=861, 613.3314pt x 301.125pt>
File: rhyme.png Graphic file (type png)
 <use rhyme.png>
Package pdftex.def Info: rhyme.png used on input line 411.
(pdftex.def)             Requested size: 415.41023pt x 203.9536pt.
 [26 <./rhyme.png>]
Package hyperref Info: bookmark level for unknown algorithm defaults to 0 on in
put line 457.
[27] [28] <HAVAE.png, id=891, 608.0316pt x 556.9608pt>
File: HAVAE.png Graphic file (type png)
 <use HAVAE.png>
Package pdftex.def Info: HAVAE.png used on input line 514.
(pdftex.def)             Requested size: 415.41023pt x 380.53001pt.

Underfull \vbox (badness 10000) has occurred while \output is active []

 [29]
Underfull \vbox (badness 10000) has occurred while \output is active []

 [30 <./HAVAE.png>] <label_vae.png, id=906, 222.5916pt x 301.6068pt>
File: label_vae.png Graphic file (type png)
 <use label_vae.png>
Package pdftex.def Info: label_vae.png used on input line 539.
(pdftex.def)             Requested size: 207.70511pt x 281.44865pt.

[31 <./label_vae.png>] [32] [33] [34

]
ç¬¬\CJKnumber {5}ç«  5.

Overfull \hbox (41.2601pt too wide) in paragraph at lines 593--593
[]\rm/m/n/4e/12 : \rm/m/n/8f/12 Û \rm/m/n/88/12 L \rm/m/n/65/12 p \rm/m/n/63/12
 n \rm/m/n/6e/12 ^^E \rm/m/n/6d/12 ^^W\rm/m/n/ff/12 ^^L| \rm/m/n/68/12 9 \rm/m/
n/63/12 n \OT1/ptm/m/n/12 [[][]15[][]]\rm/m/n/ff/12 ^^L| \rm/m/n/62/12 @ \rm/m/
n/67/12 	 \rm/m/n/68/12 ^^G \rm/m/n/98/12 ˜ \rm/m/n/53/12 ^^E \rm/m/n/54/12 + |
\rm/m/n/20/12 ^^\\OT1/ptm/m/n/12 intro\rm/m/n/20/12 ^^]|\rm/m/n/30/12 ^^A||\rm/
m/n/20/12 ^^\\OT1/ptm/m/n/12 outro\rm/m/n/20/12 ^^]|\rm/m/n/30/12 ^^A||\rm/m/n/
20/12 ^^\\OT1/ptm/m/n/12 skit\rm/m/n/20/12 ^^]|\rm/m/n/30/12 ^^A||\rm/m/n/20/12
 ^^\\OT1/ptm/m/n/12 interlude\rm/m/n/20/12 ^^]|
 []

[35] [36]
Overfull \hbox (1.24576pt too wide) in paragraph at lines 652--654
 [][] 
 []


Overfull \hbox (10.1869pt too wide) in paragraph at lines 657--657
[]\rm/m/n/5b/12 ž \rm/m/n/9a/12 Œ \rm/m/n/7e/12 Ó \rm/m/n/67/12 œ \rm/m/n/75/12
 1 \OT1/ptm/m/n/12 mean rank\rm/m/n/30/12 ^^A| \OT1/ptm/m/n/12 mean re-cip-ro-c
al rank\rm/m/n/ff/12 ^^H\rm/m/n/4e/12 å  \rm/m/n/7b/12 € \rm/m/n/79/12 ð \OT1/
ptm/m/n/12 MRR\rm/m/n/ff/12 	| \rm/m/n/54/12 Œ \OT1/ptm/m/n/12 Rec@n\rm/m/n/ff/
12 ^^H$\OML/ztmcm/m/it/12 n \OT1/ztmcm/m/n/12 =
 []

[37]
Overfull \hbox (3.86925pt too wide) in paragraph at lines 665--665
[]\rm/m/n/75/12 1 \rm/m/n/88/12 h \rm/m/n/68/12 < \rm/m/n/4e/12 - \rm/m/n/65/12
 p \rm/m/n/63/12 n \rm/m/n/53/12 ï \rm/m/n/89/12 Á\rm/m/n/ff/12 ^^L| \rm/m/n/53
/12 U \rm/m/n/72/12 ì \rm/m/n/52/12 ) \rm/m/n/75/12 ( \rm/m/n/8b/12 í \rm/m/n/4
e/12 I \rm/m/n/88/12 h \rm/m/n/5f/12  |\rm/m/n/ff/12 ^^H\OT1/ptm/m/n/12 doc2ve
c\rm/m/n/ff/12 	| \rm/m/n/62/12 ^^V \rm/m/n/97/12 õ \rm/m/n/5f/12 ‹ \rm/m/n/88/
12 h \rm/m/n/5f/12  |\rm/m/n/ff/12 ^^H\OT1/ptm/m/n/12 rhyme2vec\rm/m/n/ff/12 	
|
 []


Overfull \hbox (11.8835pt too wide) in paragraph at lines 669--669
\OT1/ptm/m/n/12 rhyme2vec\rm/m/n/57/12 ( \OT1/ptm/m/n/12 MRR\rm/m/n/30/12 ^^A| 
\OT1/ptm/m/n/12 Rec@1\rm/m/n/30/12 ^^A| \OT1/ptm/m/n/12 Rec@5\rm/m/n/4e/12 
 \rm/m/n/76/12 „ \rm/m/n/7e/12 Ó \rm/m/n/67/12 œ \rm/m/n/6b/12 Ô \OT1/ptm/m/n/1
2 doc2vec\rm/m/n/66/12 ô \rm/m/n/59/12 }\rm/m/n/ff/12 ^^L| \rm/m/n/8f/12 Ù \rm/
m/n/8b/12 ô \rm/m/n/66/12 ^^N \OT1/ptm/m/n/12 rhyme2vec\rm/m/n/5f/12 —
 []


LaTeX Warning: `h' float specifier changed to `ht'.


Underfull \vbox (badness 7064) has occurred while \output is active []

 [38]
<alpha.png, id=1005, 362.3136pt x 217.7736pt>
File: alpha.png Graphic file (type png)
 <use alpha.png>
Package pdftex.def Info: alpha.png used on input line 699.
(pdftex.def)             Requested size: 341.43306pt x 205.22226pt.

Underfull \vbox (badness 1442) has occurred while \output is active []

 [39 <./alpha.png>] <k.png, id=1014, 362.3136pt x 217.7736pt>
File: k.png Graphic file (type png)
 <use k.png>
Package pdftex.def Info: k.png used on input line 707.
(pdftex.def)             Requested size: 341.43306pt x 205.22226pt.

<epoch.png, id=1016, 739.563pt x 525.162pt>
File: epoch.png Graphic file (type png)
 <use epoch.png>
Package pdftex.def Info: epoch.png used on input line 715.
(pdftex.def)             Requested size: 398.33858pt x 282.87007pt.


LaTeX Warning: `h' float specifier changed to `ht'.

[40 <./k.png>]
Underfull \vbox (badness 10000) has occurred while \output is active []

 [41 <./epoch.png>] <rd2010.png, id=1041, 794.97pt x 481.04718pt>
File: rd2010.png Graphic file (type png)
 <use rd2010.png>
Package pdftex.def Info: rd2010.png used on input line 739.
(pdftex.def)             Requested size: 341.43306pt x 206.61136pt.


LaTeX Warning: `h' float specifier changed to `ht'.

<rd2016.png, id=1042, 794.2172pt x 481.04718pt>
File: rd2016.png Graphic file (type png)
 <use rd2016.png>
Package pdftex.def Info: rd2016.png used on input line 745.
(pdftex.def)             Requested size: 341.43306pt x 206.80222pt.


LaTeX Warning: `!h' float specifier changed to `!ht'.


Underfull \vbox (badness 10000) has occurred while \output is active []

 [42]
Underfull \vbox (badness 2941) has occurred while \output is active []

 [43 <./rd2010.png> <./rd2016.png>] <micro.png, id=1069, 744.53156pt x 446.4178
2pt>
File: micro.png Graphic file (type png)

<use micro.png>
Package pdftex.def Info: micro.png used on input line 794.
(pdftex.def)             Requested size: 341.43306pt x 204.728pt.
 [44] <macro.png, id=1079, 855.195pt x 520.94624pt>
File: macro.png Graphic file (type png)

<use macro.png>
Package pdftex.def Info: macro.png used on input line 800.
(pdftex.def)             Requested size: 341.43306pt x 207.9853pt.
 [45 <./micro.png> <./macro.png>] [46] [47] [48

]
ç¬¬\CJKnumber {6}ç«  6.

Underfull \vbox (badness 6332) has occurred while \output is active []

 [49])
[50]
\openout2 = `references.aux'.

 (./references.tex [51



]
Overfull \hbox (13.6066pt too wide) in paragraph at lines 4--4
[]\OT1/ptm/m/n/12 Hirjee H, Brown D G. Us-ing Au-to-mated Rhyme De-tec-tion to 
Char-ac-ter-ize Rhyming
 []


Overfull \hbox (31.26802pt too wide) in paragraph at lines 4--4
\OT1/ptm/m/n/12 lar-iza-tion for Vari-a-tional Au-toEn-coder Ar-chi-tec-tures. 
arXiv preprint arXiv:1707.04588,
 []


Overfull \hbox (1.93478pt too wide) in paragraph at lines 4--4
[]\OT1/ptm/m/n/12 Fabius O, Amers-foort J R van. Vari-a-tional re-cur-rent auto
-encoders. arXiv preprint
 []

[52]
Overfull \hbox (55.55273pt too wide) in paragraph at lines 4--4
[]\OT1/ptm/m/n/12 Zeiler M D. ADADELTA: an adap-tive learn-ing rate method. arX
iv preprint arXiv:1212.5701,
 []

) [53]
\openout2 = `acknowledgements.aux'.

 (./acknowledgements.tex [54



]) [55]
\openout2 = `appendices.aux'.

 (./appendices.tex)
\openout2 = `resume.aux'.

 (./resume.tex
[56





]
\blx@maxsegment@1=\count352
\blx@sectionciteorder@1=\count353
Package biblatex Info: Reference section=1 on input line 10.
\openout4 = `main1-blx.aux'.

Package biblatex Info: Setting label 'refsection:1' on input line 10.
Package biblatex Info: Reference section=0 on input line 27.
) [57]
Package atveryend Info: Empty hook `BeforeClearDocument' on input line 123.
Package atveryend Info: Empty hook `AfterLastShipout' on input line 123.
 (./main.aux (./abstract.aux) (./body.aux) (./references.aux)
(./acknowledgements.aux) (./appendices.aux) (./resume.aux))
Package atveryend Info: Executing hook `AtVeryEndDocument' on input line 123.
Package atveryend Info: Executing hook `AtEndAfterFileList' on input line 123.
Package rerunfilecheck Info: File `main.out' has not changed.
(rerunfilecheck)             Checksum: 92184F21082F74C7052F5637DD21E9E9;7793.


LaTeX Font Warning: Size substitutions with differences
(Font)              up to 0.45pt have occurred.

Package logreq Info: Writing requests to 'main.run.xml'.
\openout1 = `main.run.xml'.

Package atveryend Info: Empty hook `AtVeryVeryEnd' on input line 123.
 ) 
Here is how much of TeX's memory you used:
 53573 strings out of 492995
 611592 string characters out of 6132217
 957011 words of memory out of 5000000
 55624 multiletter control sequences out of 15000+600000
 222941 words of font info for 687 fonts, out of 8000000 for 9000
 1141 hyphenation exceptions out of 8191
 55i,14n,54p,1178b,22066s stack positions out of 5000i,500n,10000p,200000b,80000s
<c:/WINDOWS/fonts/simsun.ttc><c:/WINDOWS/fonts/simsun.ttc><c:/WINDOWS/fonts/s
imhei.ttf><c:/WINDOWS/fonts/simhei.ttf><c:/WINDOWS/fonts/simhei.ttf><c:/WINDOWS
/fonts/simsun.ttc><c:/WINDOWS/fonts/simhei.ttf><c:/WINDOWS/fonts/simkai.ttf><c:
/WINDOWS/fonts/simkai.ttf><c:/WINDOWS/fonts/simkai.ttf><c:/WINDOWS/fonts/simkai
.ttf><c:/WINDOWS/fonts/simkai.ttf><c:/WINDOWS/fonts/simkai.ttf><c:/WINDOWS/font
s/simkai.ttf><c:/WINDOWS/fonts/simhei.ttf><c:/WINDOWS/fonts/simkai.ttf><c:/WIND
OWS/fonts/simkai.ttf><c:/WINDOWS/fonts/simkai.ttf><c:/WINDOWS/fonts/simkai.ttf>
<c:/WINDOWS/fonts/simkai.ttf><c:/WINDOWS/fonts/simkai.ttf><c:/WINDOWS/fonts/sim
kai.ttf><c:/WINDOWS/fonts/simkai.ttf><c:/WINDOWS/fonts/simkai.ttf><c:/WINDOWS/f
onts/simkai.ttf><c:/WINDOWS/fonts/simkai.ttf><c:/WINDOWS/fonts/simkai.ttf><c:/W
INDOWS/fonts/simkai.ttf><c:/WINDOWS/fonts/simkai.ttf><c:/WINDOWS/fonts/simkai.t
tf><c:/WINDOWS/fonts/simkai.ttf><c:/WINDOWS/fonts/simkai.ttf><c:/WINDOWS/fonts/
simkai.ttf><c:/WINDOWS/fonts/simkai.ttf><c:/WINDOWS/fonts/simkai.ttf><c:/WINDOW
S/fonts/simkai.ttf><c:/WINDOWS/fonts/simkai.ttf><c:/WINDOWS/fonts/simkai.ttf><c
:/WINDOWS/fonts/simhei.ttf>{d:/Software/texlive/2017/texmf-dist/fonts/enc/dvips
/base/8r.enc}<c:/WINDOWS/fonts/simhei.ttf><c:/WINDOWS/fonts/simhei.ttf><c:/WIND
OWS/fonts/simhei.ttf><c:/WINDOWS/fonts/simhei.ttf><c:/WINDOWS/fonts/simhei.ttf>
<c:/WINDOWS/fonts/simhei.ttf><c:/WINDOWS/fonts/simhei.ttf><c:/WINDOWS/fonts/sim
sun.ttc><c:/WINDOWS/fonts/simsun.ttc><c:/WINDOWS/fonts/simhei.ttf><c:/WINDOWS/f
onts/simhei.ttf><c:/WINDOWS/fonts/simhei.ttf><c:/WINDOWS/fonts/simhei.ttf><c:/W
INDOWS/fonts/simhei.ttf><c:/WINDOWS/fonts/simhei.ttf><c:/WINDOWS/fonts/simhei.t
tf><c:/WINDOWS/fonts/simhei.ttf><c:/WINDOWS/fonts/simsun.ttc><c:/WINDOWS/fonts/
simsun.ttc><c:/WINDOWS/fonts/simhei.ttf><c:/WINDOWS/fonts/simsun.ttc><c:/WINDOW
S/fonts/simsun.ttc><c:/WINDOWS/fonts/simsun.ttc><c:/WINDOWS/fonts/simsun.ttc><c
:/WINDOWS/fonts/simsun.ttc><c:/WINDOWS/fonts/simsun.ttc><c:/WINDOWS/fonts/simsu
n.ttc><c:/WINDOWS/fonts/simsun.ttc><c:/WINDOWS/fonts/simhei.ttf><c:/WINDOWS/fon
ts/simhei.ttf><c:/WINDOWS/fonts/simsun.ttc><c:/WINDOWS/fonts/simhei.ttf><c:/WIN
DOWS/fonts/simsun.ttc><c:/WINDOWS/fonts/simhei.ttf><c:/WINDOWS/fonts/simsun.ttc
><c:/WINDOWS/fonts/simhei.ttf><c:/WINDOWS/fonts/simhei.ttf><c:/WINDOWS/fonts/si
mhei.ttf><c:/WINDOWS/fonts/simhei.ttf><c:/WINDOWS/fonts/simhei.ttf><c:/WINDOWS/
fonts/simhei.ttf><c:/WINDOWS/fonts/simhei.ttf><c:/WINDOWS/fonts/simhei.ttf><c:/
WINDOWS/fonts/simhei.ttf><c:/WINDOWS/fonts/simhei.ttf><c:/WINDOWS/fonts/simhei.
ttf><c:/WINDOWS/fonts/simhei.ttf><c:/WINDOWS/fonts/simhei.ttf><c:/WINDOWS/fonts
/simhei.ttf><c:/WINDOWS/fonts/simhei.ttf><c:/WINDOWS/fonts/simhei.ttf><c:/WINDO
WS/fonts/simhei.ttf><c:/WINDOWS/fonts/simhei.ttf><c:/WINDOWS/fonts/simhei.ttf><
c:/WINDOWS/fonts/simsun.ttc><c:/WINDOWS/fonts/simsun.ttc><c:/WINDOWS/fonts/simh
ei.ttf><c:/WINDOWS/fonts/simhei.ttf><c:/WINDOWS/fonts/simhei.ttf><c:/WINDOWS/fo
nts/simhei.ttf><c:/WINDOWS/fonts/simsun.ttc><c:/WINDOWS/fonts/simsun.ttc><c:/WI
NDOWS/fonts/simsun.ttc><c:/WINDOWS/fonts/simsun.ttc><c:/WINDOWS/fonts/simsun.tt
c><c:/WINDOWS/fonts/simsun.ttc><c:/WINDOWS/fonts/simsun.ttc><c:/WINDOWS/fonts/s
imsun.ttc><c:/WINDOWS/fonts/simsun.ttc><c:/WINDOWS/fonts/simsun.ttc><c:/WINDOWS
/fonts/simsun.ttc><c:/WINDOWS/fonts/simsun.ttc><c:/WINDOWS/fonts/simsun.ttc><c:
/WINDOWS/fonts/simsun.ttc><c:/WINDOWS/fonts/simsun.ttc><c:/WINDOWS/fonts/simsun
.ttc><c:/WINDOWS/fonts/simsun.ttc><c:/WINDOWS/fonts/simsun.ttc><c:/WINDOWS/font
s/simsun.ttc><c:/WINDOWS/fonts/simhei.ttf><c:/WINDOWS/fonts/simhei.ttf><c:/WIND
OWS/fonts/simhei.ttf><c:/WINDOWS/fonts/simhei.ttf><c:/WINDOWS/fonts/simhei.ttf>
<c:/WINDOWS/fonts/simhei.ttf><c:/WINDOWS/fonts/simhei.ttf><c:/WINDOWS/fonts/sim
hei.ttf><c:/WINDOWS/fonts/simhei.ttf><c:/WINDOWS/fonts/simhei.ttf><c:/WINDOWS/f
onts/simhei.ttf><c:/WINDOWS/fonts/simsun.ttc><c:/WINDOWS/fonts/simsun.ttc><c:/W
INDOWS/fonts/simsun.ttc><c:/WINDOWS/fonts/simsun.ttc><c:/WINDOWS/fonts/simsun.t
tc><c:/WINDOWS/fonts/simsun.ttc><c:/WINDOWS/fonts/simsun.ttc><c:/WINDOWS/fonts/
simsun.ttc><c:/WINDOWS/fonts/simsun.ttc><c:/WINDOWS/fonts/simsun.ttc><c:/WINDOW
S/fonts/simsun.ttc><c:/WINDOWS/fonts/simsun.ttc><c:/WINDOWS/fonts/simsun.ttc><c
:/WINDOWS/fonts/simsun.ttc><c:/WINDOWS/fonts/simsun.ttc><c:/WINDOWS/fonts/simsu
n.ttc><c:/WINDOWS/fonts/simsun.ttc><c:/WINDOWS/fonts/simsun.ttc><c:/WINDOWS/fon
ts/simsun.ttc><c:/WINDOWS/fonts/simsun.ttc><c:/WINDOWS/fonts/simsun.ttc><c:/WIN
DOWS/fonts/simsun.ttc><c:/WINDOWS/fonts/simsun.ttc><c:/WINDOWS/fonts/simsun.ttc
><c:/WINDOWS/fonts/simsun.ttc><c:/WINDOWS/fonts/simsun.ttc><c:/WINDOWS/fonts/si
msun.ttc><c:/WINDOWS/fonts/simsun.ttc><c:/WINDOWS/fonts/simsun.ttc><c:/WINDOWS/
fonts/simsun.ttc><c:/WINDOWS/fonts/simsun.ttc><c:/WINDOWS/fonts/simsun.ttc><c:/
WINDOWS/fonts/simsun.ttc><c:/WINDOWS/fonts/simsun.ttc><c:/WINDOWS/fonts/simsun.
ttc><c:/WINDOWS/fonts/simsun.ttc><c:/WINDOWS/fonts/simsun.ttc><c:/WINDOWS/fonts
/simsun.ttc><c:/WINDOWS/fonts/simsun.ttc><c:/WINDOWS/fonts/simsun.ttc><c:/WINDO
WS/fonts/simsun.ttc><c:/WINDOWS/fonts/simsun.ttc><c:/WINDOWS/fonts/simsun.ttc><
d:/Software/texlive/2017/texmf-dist/fonts/type1/public/amsfonts/cm/cmex10.pfb><
d:/Software/texlive/2017/texmf-dist/fonts/type1/public/amsfonts/cm/cmmi10.pfb><
d:/Software/texlive/2017/texmf-dist/fonts/type1/public/amsfonts/cm/cmr10.pfb><d
:/Software/texlive/2017/texmf-dist/fonts/type1/public/amsfonts/cm/cmsy10.pfb><d
:/Software/texlive/2017/texmf-dist/fonts/type1/public/amsfonts/cm/cmsy9.pfb><d:
/Software/texlive/2017/texmf-dist/fonts/type1/urw/helvetic/uhvb8a.pfb><d:/Softw
are/texlive/2017/texmf-dist/fonts/type1/urw/symbol/usyr.pfb><d:/Software/texliv
e/2017/texmf-dist/fonts/type1/urw/symbol/usyr.pfb><d:/Software/texlive/2017/tex
mf-dist/fonts/type1/urw/times/utmb8a.pfb><d:/Software/texlive/2017/texmf-dist/f
onts/type1/urw/times/utmr8a.pfb><d:/Software/texlive/2017/texmf-dist/fonts/type
1/urw/times/utmri8a.pfb><d:/Software/texlive/2017/texmf-dist/fonts/type1/public
/tipa/xipa10.pfb>
Output written on main.pdf (66 pages, 2000092 bytes).
PDF statistics:
 1771 PDF objects out of 2073 (max. 8388607)
 1387 compressed objects within 14 object streams
 240 named destinations out of 1000 (max. 500000)
 903 words of extra memory for PDF output out of 10000 (max. 10000000)

