\BOOKMARK [0][-]{Doc-Start}{\376\377\144\130\211\201\000\040}{}% 1
\BOOKMARK [0][-]{Doc-Start}{\376\377\000A\000b\000s\000t\000r\000a\000c\000t\000\040}{}% 2
\BOOKMARK [0][-]{chapter.1}{\376\377\173\054\116\000\172\340\000\040\176\352\213\272}{}% 3
\BOOKMARK [1][-]{section.1.1}{\376\377\173\054\116\000\202\202\000\040\170\024\172\166\200\314\146\157}{chapter.1}% 4
\BOOKMARK [1][-]{section.1.2}{\376\377\173\054\116\214\202\202\000\040\147\054\145\207\135\345\117\134\116\016\215\041\163\056}{chapter.1}% 5
\BOOKMARK [1][-]{section.1.3}{\376\377\173\054\116\011\202\202\000\040\176\304\176\307\176\323\147\204}{chapter.1}% 6
\BOOKMARK [0][-]{chapter.2}{\376\377\173\054\116\214\172\340\000\040\170\024\172\166\163\260\162\266}{}% 7
\BOOKMARK [1][-]{section.2.1}{\376\377\173\054\116\000\202\202\000\040\213\327\153\114\122\006\147\220\116\016\133\146\116\140}{chapter.2}% 8
\BOOKMARK [2][-]{subsection.2.1.1}{\376\377\0002\000.\0001\000.\0001\000\040\127\372\116\216\117\040\176\337\147\072\126\150\133\146\116\140\145\271\154\325\166\204\213\327\153\114\165\037\142\020}{section.2.1}% 9
\BOOKMARK [2][-]{subsection.2.1.2}{\376\377\0002\000.\0001\000.\0002\000\040\127\372\116\216\155\361\136\246\133\146\116\140\145\271\154\325\166\204\213\327\153\114\165\037\142\020}{section.2.1}% 10
\BOOKMARK [1][-]{section.2.2}{\376\377\173\054\116\214\202\202\000\040\153\114\213\315\133\146\116\140\170\024\172\166\163\260\162\266}{chapter.2}% 11
\BOOKMARK [2][-]{subsection.2.2.1}{\376\377\0002\000.\0002\000.\0001\000\040\153\114\213\315\221\317\123\026\213\304\122\006}{section.2.2}% 12
\BOOKMARK [2][-]{subsection.2.2.2}{\376\377\0002\000.\0002\000.\0002\000\040\153\114\213\315\122\006\174\173}{section.2.2}% 13
\BOOKMARK [2][-]{subsection.2.2.3}{\376\377\0002\000.\0002\000.\0003\000\040\153\114\213\315\165\037\142\020}{section.2.2}% 14
\BOOKMARK [1][-]{section.2.3}{\376\377\173\054\116\011\202\202\000\040\000V\000A\000E\166\204\170\024\172\166\163\260\162\266}{chapter.2}% 15
\BOOKMARK [2][-]{subsection.2.3.1}{\376\377\0002\000.\0003\000.\0001\000\040\000V\000A\000E\117\134\116\072\165\037\142\020\152\041\127\213\166\204\136\224\165\050}{section.2.3}% 16
\BOOKMARK [2][-]{subsection.2.3.2}{\376\377\0002\000.\0003\000.\0002\000\040\000V\000A\000E\165\050\116\216\210\150\137\201\133\146\116\140}{section.2.3}% 17
\BOOKMARK [1][-]{section.2.4}{\376\377\173\054\126\333\202\202\000\040\147\054\172\340\134\017\176\323}{chapter.2}% 18
\BOOKMARK [0][-]{chapter.3}{\376\377\173\054\116\011\172\340\000\040\152\041\127\213\166\370\121\163\167\345\213\306}{}% 19
\BOOKMARK [1][-]{section.3.1}{\376\377\173\054\116\000\202\202\000\040\227\365\137\213\145\207\147\054\166\370\121\163\167\345\213\306}{chapter.3}% 20
\BOOKMARK [1][-]{section.3.2}{\376\377\173\054\116\214\202\202\000\040\225\356\230\230\143\320\121\372}{chapter.3}% 21
\BOOKMARK [2][-]{subsection.3.2.1}{\376\377\0003\000.\0002\000.\0001\000\040\227\365\137\213\162\171\137\201\143\320\123\326\225\356\230\230}{section.3.2}% 22
\BOOKMARK [2][-]{subsection.3.2.2}{\376\377\0003\000.\0002\000.\0002\000\040\162\171\137\201\207\215\124\010\225\356\230\230}{section.3.2}% 23
\BOOKMARK [1][-]{section.3.3}{\376\377\173\054\116\011\202\202\000\040\123\330\122\006\201\352\177\026\170\001\126\150\377\010\000V\000A\000E\377\011}{chapter.3}% 24
\BOOKMARK [1][-]{section.3.4}{\376\377\173\054\126\333\202\202\000\040\000d\000o\000c\0002\000v\000e\000c\152\041\127\213}{chapter.3}% 25
\BOOKMARK [1][-]{section.3.5}{\376\377\173\054\116\224\202\202\000\040\147\054\172\340\134\017\176\323}{chapter.3}% 26
\BOOKMARK [0][-]{chapter.4}{\376\377\173\054\126\333\172\340\000\040\122\051\165\050\134\102\153\041\154\350\141\017\122\233\147\072\122\066\166\204\000V\000A\000E\152\041\127\213}{}% 27
\BOOKMARK [1][-]{section.4.1}{\376\377\173\054\116\000\202\202\000\040\162\171\137\201\143\320\123\326\152\041\127\127}{chapter.4}% 28
\BOOKMARK [2][-]{subsection.4.1.1}{\376\377\0004\000.\0001\000.\0001\000\040\227\365\137\213\220\350\122\006}{section.4.1}% 29
\BOOKMARK [2][-]{subsection.4.1.2}{\376\377\0004\000.\0001\000.\0002\000\040\213\355\116\111\220\350\122\006}{section.4.1}% 30
\BOOKMARK [1][-]{section.4.2}{\376\377\173\054\116\214\202\202\000\040\162\171\137\201\207\215\124\010\152\041\127\127}{chapter.4}% 31
\BOOKMARK [2][-]{subsection.4.2.1}{\376\377\0004\000.\0002\000.\0001\000\040\217\223\121\145\226\066\153\265}{section.4.2}% 32
\BOOKMARK [2][-]{subsection.4.2.2}{\376\377\0004\000.\0002\000.\0002\000\040\177\026\170\001\226\066\153\265}{section.4.2}% 33
\BOOKMARK [2][-]{subsection.4.2.3}{\376\377\0004\000.\0002\000.\0003\000\040\211\343\170\001\226\066\153\265}{section.4.2}% 34
\BOOKMARK [2][-]{subsection.4.2.4}{\376\377\0004\000.\0002\000.\0004\000\040\143\137\131\061\121\375\145\160}{section.4.2}% 35
\BOOKMARK [1][-]{section.4.3}{\376\377\173\054\116\011\202\202\000\040\147\054\172\340\134\017\176\323}{chapter.4}% 36
\BOOKMARK [0][-]{chapter.5}{\376\377\173\054\116\224\172\340\000\040\133\236\232\214\213\276\213\241\116\016\176\323\147\234\122\006\147\220}{}% 37
\BOOKMARK [1][-]{section.5.1}{\376\377\173\054\116\000\202\202\000\040\145\160\143\156\226\306\116\016\133\236\232\214\213\276\213\241}{chapter.5}% 38
\BOOKMARK [1][-]{section.5.2}{\376\377\173\054\116\214\202\202\000\040\116\013\116\000\210\114\230\204\155\113}{chapter.5}% 39
\BOOKMARK [2][-]{subsection.5.2.1}{\376\377\0005\000.\0002\000.\0001\000\040\145\160\143\156\226\306}{section.5.2}% 40
\BOOKMARK [2][-]{subsection.5.2.2}{\376\377\0005\000.\0002\000.\0002\000\040\133\371\153\324\145\271\154\325}{section.5.2}% 41
\BOOKMARK [2][-]{subsection.5.2.3}{\376\377\0005\000.\0002\000.\0003\000\040\133\236\232\214\213\276\177\156}{section.5.2}% 42
\BOOKMARK [2][-]{subsection.5.2.4}{\376\377\0005\000.\0002\000.\0004\000\040\176\323\147\234\213\304\117\060\116\016\122\006\147\220}{section.5.2}% 43
\BOOKMARK [2][-]{subsection.5.2.5}{\376\377\0005\000.\0002\000.\0005\000\040\123\302\145\160\213\250\213\272}{section.5.2}% 44
\BOOKMARK [1][-]{section.5.3}{\376\377\173\054\116\011\202\202\000\040\213\364\125\061\153\114\146\362\165\037\142\020}{chapter.5}% 45
\BOOKMARK [2][-]{subsection.5.3.1}{\376\377\0005\000.\0003\000.\0001\000\040\145\160\143\156\226\306}{section.5.3}% 46
\BOOKMARK [2][-]{subsection.5.3.2}{\376\377\0005\000.\0003\000.\0002\000\040\133\236\232\214\213\276\177\156}{section.5.3}% 47
\BOOKMARK [2][-]{subsection.5.3.3}{\376\377\0005\000.\0003\000.\0003\000\040\176\323\147\234\213\304\117\060\123\312\122\006\147\220}{section.5.3}% 48
\BOOKMARK [2][-]{subsection.5.3.4}{\376\377\0005\000.\0003\000.\0004\000\040\133\236\232\214\176\323\147\234\122\006\147\220}{section.5.3}% 49
\BOOKMARK [1][-]{section.5.4}{\376\377\173\054\126\333\202\202\000\040\213\364\125\061\153\114\213\315\155\101\155\076\122\006\174\173}{chapter.5}% 50
\BOOKMARK [2][-]{subsection.5.4.1}{\376\377\0005\000.\0004\000.\0001\000\040\145\160\143\156\226\306}{section.5.4}% 51
\BOOKMARK [2][-]{subsection.5.4.2}{\376\377\0005\000.\0004\000.\0002\000\040\133\371\153\324\145\271\154\325}{section.5.4}% 52
\BOOKMARK [2][-]{subsection.5.4.3}{\376\377\0005\000.\0004\000.\0003\000\040\133\236\232\214\213\276\177\156}{section.5.4}% 53
\BOOKMARK [2][-]{subsection.5.4.4}{\376\377\0005\000.\0004\000.\0004\000\040\176\323\147\234\213\304\117\060\123\312\122\006\147\220}{section.5.4}% 54
\BOOKMARK [1][-]{section.5.5}{\376\377\173\054\116\224\202\202\000\040\147\054\172\340\134\017\176\323}{chapter.5}% 55
\BOOKMARK [0][-]{chapter.6}{\376\377\173\054\121\155\172\340\000\040\176\323\213\272\116\016\134\125\147\033}{}% 56
\BOOKMARK [0][-]{chapter.6}{\376\377\123\302\200\003\145\207\163\056\000\040}{}% 57
\BOOKMARK [0][-]{chapter.6}{\376\377\201\364\214\042\000\040}{}% 58
\BOOKMARK [0][-]{chapter.6}{\376\377\116\052\116\272\173\200\123\206\000\040}{}% 59
